::1 - - [10/Aug/2025:20:56:17 +0800] "GET /phpinfo.php HTTP/1.1" 200 818
::1 - - [10/Aug/2025:20:56:26 +0800] "GET /phpinfo.php?full=1 HTTP/1.1" 200 818
::1 - - [10/Aug/2025:21:12:34 +0800] "GET /fix_http_host.php HTTP/1.1" 200 1257
::1 - - [10/Aug/2025:21:12:45 +0800] "GET /wp-login.php/wp-includes/blocks/navigation/style.min.css?ver=6.8.2 HTTP/1.1" 500 3388
::1 - - [10/Aug/2025:21:12:45 +0800] "GET /wp-login.php/wp-content/plugins/woocommerce/assets/client/blocks/customer-account.css?ver=wc-10.0.4 HTTP/1.1" 500 3388
::1 - - [10/Aug/2025:21:12:45 +0800] "GET /wp-login.php/wp-content/plugins/woocommerce/assets/client/blocks/wc-blocks.css?ver=wc-10.0.4 HTTP/1.1" 500 3388
::1 - - [10/Aug/2025:21:12:45 +0800] "GET /wp-login.php/wp-content/plugins/woocommerce/assets/client/blocks/mini-cart-contents.css?ver=wc-10.0.4 HTTP/1.1" 500 3388
::1 - - [10/Aug/2025:21:12:45 +0800] "GET /wp-login.php/wp-content/plugins/woocommerce/assets/client/blocks/packages-style.css?ver=wc-10.0.4 HTTP/1.1" 500 3388
::1 - - [10/Aug/2025:21:12:45 +0800] "GET /wp-login.php/wp-content/plugins/woocommerce/assets/client/blocks/mini-cart.css?ver=wc-10.0.4 HTTP/1.1" 500 3388
::1 - - [10/Aug/2025:21:12:45 +0800] "GET /wp-login.php/wp-includes/blocks/image/style.min.css?ver=6.8.2 HTTP/1.1" 500 3388
::1 - - [10/Aug/2025:21:12:45 +0800] "GET /wp-login.php/wp-includes/blocks/social-links/style.min.css?ver=6.8.2 HTTP/1.1" 500 3388
::1 - - [10/Aug/2025:21:12:45 +0800] "GET /wp-login.php/wp-content/plugins/woocommerce/assets/css/woocommerce-blocktheme.css?ver=10.0.4 HTTP/1.1" 500 3388
::1 - - [10/Aug/2025:21:12:45 +0800] "GET /wp-login.php/wp-content/plugins/woocommerce/assets/css/brands.css?ver=10.0.4 HTTP/1.1" 500 3388
::1 - - [10/Aug/2025:21:12:45 +0800] "GET /wp-login.php/wp-includes/blocks/cover/style.min.css?ver=6.8.2 HTTP/1.1" 500 3388
::1 - - [10/Aug/2025:21:12:45 +0800] "GET /wp-login.php/wp-content/plugins/woocommerce/assets/css/woocommerce-layout.css?ver=10.0.4 HTTP/1.1" 500 3388
::1 - - [10/Aug/2025:21:12:45 +0800] "GET /wp-login.php/wp-content/plugins/woocommerce/assets/css/woocommerce.css?ver=10.0.4 HTTP/1.1" 500 3388
::1 - - [10/Aug/2025:21:12:45 +0800] "GET /wp-login.php/wp-includes/js/jquery/jquery.min.js?ver=3.7.1 HTTP/1.1" 500 3388
::1 - - [10/Aug/2025:21:12:45 +0800] "GET /wp-login.php/wp-includes/js/jquery/jquery-migrate.min.js?ver=3.4.1 HTTP/1.1" 500 3388
::1 - - [10/Aug/2025:21:12:45 +0800] "GET /wp-login.php/wp-includes/js/dist/script-modules/block-library/navigation/view.min.js?ver=61572d447d60c0aa5240 HTTP/1.1" 500 3388
::1 - - [10/Aug/2025:21:12:45 +0800] "GET /wp-login.php/wp-includes/js/dist/script-modules/interactivity/index.min.js?ver=55aebb6e0a16726baffb HTTP/1.1" 500 3388
::1 - - [10/Aug/2025:21:12:45 +0800] "GET /wp-login.php/wp-content/plugins/woocommerce/assets/client/blocks/wc-cart-checkout-base-frontend.js?ver=ee046eedc5351d6040d2 HTTP/1.1" 500 3388
::1 - - [10/Aug/2025:21:12:45 +0800] "GET /wp-login.php/wp-includes/js/dist/vendor/wp-polyfill.min.js?ver=3.15.0 HTTP/1.1" 500 3388
::1 - - [10/Aug/2025:21:12:45 +0800] "GET /wp-login.php/wp-includes/js/dist/i18n.min.js?ver=5e580eb46a90c2b997e6 HTTP/1.1" 500 3388
::1 - - [10/Aug/2025:21:12:45 +0800] "GET /wp-login.php/wp-includes/js/dist/hooks.min.js?ver=4d63a3d491d11ffd8ac6 HTTP/1.1" 500 3388
::1 - - [10/Aug/2025:21:12:45 +0800] "GET /wp-login.php/wp-content/plugins/woocommerce/assets/client/blocks/wc-cart-checkout-vendors-frontend.js?ver=dc1dcf69b8c5fe0b6e90 HTTP/1.1" 500 3388
::1 - - [10/Aug/2025:21:12:45 +0800] "GET /wp-login.php/wp-content/plugins/woocommerce/assets/client/blocks/wc-types.js?ver=35dee88875b85ff65531 HTTP/1.1" 500 3388
::1 - - [10/Aug/2025:21:12:45 +0800] "GET /wp-login.php/wp-includes/js/dist/url.min.js?ver=c2964167dfe2477c14ea HTTP/1.1" 500 3388
::1 - - [10/Aug/2025:21:12:45 +0800] "GET /wp-login.php/wp-content/themes/twentytwentyfour/assets/fonts/cardo/cardo_normal_400.woff2 HTTP/1.1" 500 3388
::1 - - [10/Aug/2025:21:12:45 +0800] "GET /wp-login.php/wp-content/plugins/woocommerce/assets/client/blocks/blocks-checkout-events.js?ver=2d0fd4590f6cc663947c HTTP/1.1" 500 3388
::1 - - [10/Aug/2025:21:12:45 +0800] "GET /wp-login.php/wp-content/themes/twentytwentyfour/assets/fonts/cardo/cardo_normal_700.woff2 HTTP/1.1" 500 3388
::1 - - [10/Aug/2025:21:12:45 +0800] "GET /wp-login.php/wp-includes/js/dist/vendor/react.min.js?ver=18.3.1.1 HTTP/1.1" 500 3388
::1 - - [10/Aug/2025:21:12:45 +0800] "GET /wp-login.php/wp-includes/js/dist/vendor/react-jsx-runtime.min.js?ver=18.3.1 HTTP/1.1" 500 3388
::1 - - [10/Aug/2025:21:12:45 +0800] "GET /wp-login.php/wp-includes/js/dist/api-fetch.min.js?ver=3623a576c78df404ff20 HTTP/1.1" 500 3388
::1 - - [10/Aug/2025:21:12:45 +0800] "GET /wp-login.php/wp-includes/js/dist/deprecated.min.js?ver=e1f84915c5e8ae38964c HTTP/1.1" 500 3388
::1 - - [10/Aug/2025:21:12:45 +0800] "GET /wp-login.php/wp-content/plugins/woocommerce/assets/client/blocks/wc-settings.js?ver=4f2e7067bd1c84cca43f HTTP/1.1" 500 3388
::1 - - [10/Aug/2025:21:12:45 +0800] "GET /wp-login.php/wp-includes/js/dist/dom.min.js?ver=80bd57c84b45cf04f4ce HTTP/1.1" 500 3388
::1 - - [10/Aug/2025:21:12:45 +0800] "GET /wp-login.php/wp-includes/js/dist/vendor/react-dom.min.js?ver=18.3.1.1 HTTP/1.1" 500 3388
::1 - - [10/Aug/2025:21:12:45 +0800] "GET /wp-login.php/wp-includes/js/dist/escape-html.min.js?ver=6561a406d2d232a6fbd2 HTTP/1.1" 500 3388
::1 - - [10/Aug/2025:21:12:45 +0800] "GET /wp-login.php/wp-includes/js/dist/element.min.js?ver=a4eeeadd23c0d7ab1d2d HTTP/1.1" 500 3388
::1 - - [10/Aug/2025:21:12:45 +0800] "GET /wp-login.php/wp-includes/js/dist/keycodes.min.js?ver=034ff647a54b018581d3 HTTP/1.1" 500 3388
::1 - - [10/Aug/2025:21:12:45 +0800] "GET /wp-login.php/wp-includes/js/dist/is-shallow-equal.min.js?ver=e0f9f1d78d83f5196979 HTTP/1.1" 500 3388
::1 - - [10/Aug/2025:21:12:46 +0800] "GET /wp-login.php/wp-includes/js/dist/priority-queue.min.js?ver=9c21c957c7e50ffdbf48 HTTP/1.1" 500 3388
::1 - - [10/Aug/2025:21:12:46 +0800] "GET /wp-login.php/wp-includes/js/dist/compose.min.js?ver=84bcf832a5c99203f3db HTTP/1.1" 500 3388
::1 - - [10/Aug/2025:21:12:46 +0800] "GET /wp-login.php/wp-includes/js/dist/private-apis.min.js?ver=0f8478f1ba7e0eea562b HTTP/1.1" 500 3388
::1 - - [10/Aug/2025:21:12:46 +0800] "GET /wp-login.php/wp-includes/js/dist/redux-routine.min.js?ver=8bb92d45458b29590f53 HTTP/1.1" 500 3388
::1 - - [10/Aug/2025:21:12:46 +0800] "GET /wp-login.php/wp-includes/js/dist/data.min.js?ver=fe6c4835cd00e12493c3 HTTP/1.1" 500 3388
::1 - - [10/Aug/2025:21:12:46 +0800] "GET /wp-login.php/wp-content/plugins/woocommerce/assets/client/blocks/wc-blocks-registry.js?ver=a54ead1833becfc12662 HTTP/1.1" 500 3388
::1 - - [10/Aug/2025:21:12:46 +0800] "GET /wp-login.php/wp-includes/js/dist/data-controls.min.js?ver=49f5587e8b90f9e7cc7e HTTP/1.1" 500 3388
::1 - - [10/Aug/2025:21:12:46 +0800] "GET /wp-login.php/wp-includes/js/dist/notices.min.js?ver=673a68a7ac2f556ed50b HTTP/1.1" 500 3388
::1 - - [10/Aug/2025:21:12:46 +0800] "GET /wp-login.php/wp-includes/js/dist/html-entities.min.js?ver=2cd3358363e0675638fb HTTP/1.1" 500 3388
::1 - - [10/Aug/2025:21:12:46 +0800] "GET /wp-login.php/wp-content/plugins/woocommerce/assets/client/blocks/wc-blocks-middleware.js?ver=d79dedade2f2e4dc9df4 HTTP/1.1" 500 3388
::1 - - [10/Aug/2025:21:12:46 +0800] "GET /wp-login.php/wp-content/plugins/woocommerce/assets/client/blocks/wc-blocks-data.js?ver=0829e8e0d76bff927a49 HTTP/1.1" 500 3388
::1 - - [10/Aug/2025:21:12:46 +0800] "GET /wp-login.php/wp-content/plugins/woocommerce/assets/client/blocks/mini-cart-frontend.js?ver=57afd6974dfbfd956d06 HTTP/1.1" 500 3388
::1 - - [10/Aug/2025:21:12:46 +0800] "GET /wp-login.php/wp-content/plugins/woocommerce/assets/client/blocks/price-format.js?ver=57e176e7cc02bdd27978 HTTP/1.1" 500 3388
::1 - - [10/Aug/2025:21:12:46 +0800] "GET /wp-login.php/wp-content/plugins/woocommerce/assets/js/frontend/order-attribution.min.js?ver=10.0.4 HTTP/1.1" 500 3388
::1 - - [10/Aug/2025:21:12:46 +0800] "GET /wp-login.php/wp-content/plugins/woocommerce/assets/js/sourcebuster/sourcebuster.min.js?ver=10.0.4 HTTP/1.1" 500 3388
::1 - - [10/Aug/2025:21:12:46 +0800] "GET /wp-login.php/wp-content/plugins/woocommerce/assets/js/jquery-blockui/jquery.blockUI.min.js?ver=2.7.0-wc.10.0.4 HTTP/1.1" 500 3388
::1 - - [10/Aug/2025:21:12:46 +0800] "GET /wp-login.php/wp-content/plugins/woocommerce/assets/js/js-cookie/js.cookie.min.js?ver=2.1.4-wc.10.0.4 HTTP/1.1" 500 3388
::1 - - [10/Aug/2025:21:12:46 +0800] "GET /wp-login.php/wp-content/plugins/woocommerce/assets/js/frontend/add-to-cart.min.js?ver=10.0.4 HTTP/1.1" 500 3388
::1 - - [10/Aug/2025:21:12:46 +0800] "GET /wp-login.php/wp-content/plugins/woocommerce/assets/js/frontend/woocommerce.min.js?ver=10.0.4 HTTP/1.1" 500 3388
::1 - - [10/Aug/2025:21:12:46 +0800] "GET /wp-login.php/wp-content/plugins/woocommerce/assets/css/woocommerce-smallscreen.css?ver=10.0.4 HTTP/1.1" 500 3388
::1 - - [10/Aug/2025:21:12:46 +0800] "GET /wp-login.php/wp-includes/js/wp-emoji-release.min.js?ver=6.8.2 HTTP/1.1" 500 3388
::1 - - [10/Aug/2025:21:12:53 +0800] "GET /wp-admin/ HTTP/1.1" 500 4074
::1 - - [10/Aug/2025:21:13:08 +0800] "GET /phpinfo.php HTTP/1.1" 200 481
::1 - - [10/Aug/2025:21:13:10 +0800] "GET /phpinfo.php?full=1 HTTP/1.1" 200 88708
::1 - - [10/Aug/2025:21:14:23 +0800] "GET /fix_http_host.php HTTP/1.1" 200 1257
::1 - - [10/Aug/2025:21:14:29 +0800] "GET /wp-config.php HTTP/1.1" 500 3388
::1 - - [10/Aug/2025:21:14:53 +0800] "GET /install HTTP/1.1" 404 196
::1 - - [10/Aug/2025:21:14:59 +0800] "GET /install.php HTTP/1.1" 404 196
::1 - - [10/Aug/2025:21:15:10 +0800] "GET /wp-admin/install.php HTTP/1.1" 500 4074
::1 - - [10/Aug/2025:21:15:13 +0800] "GET /wp-admin/install.php HTTP/1.1" 500 4074
::1 - - [10/Aug/2025:21:15:38 +0800] "GET /wp-admin/index HTTP/1.1" 404 196
::1 - - [10/Aug/2025:21:15:44 +0800] "GET /wp-admin/index.php HTTP/1.1" 500 4074
::1 - - [10/Aug/2025:21:16:28 +0800] "GET /wp-admin/ HTTP/1.1" 500 4074
::1 - - [10/Aug/2025:21:16:41 +0800] "GET /wp-login.php/wp-includes/blocks/navigation/style.min.css?ver=6.8.2 HTTP/1.1" 500 3388
::1 - - [10/Aug/2025:21:16:41 +0800] "GET /wp-login.php/wp-content/plugins/woocommerce/assets/client/blocks/wc-blocks.css?ver=wc-10.0.4 HTTP/1.1" 500 3388
::1 - - [10/Aug/2025:21:16:41 +0800] "GET /wp-login.php/wp-content/plugins/woocommerce/assets/client/blocks/customer-account.css?ver=wc-10.0.4 HTTP/1.1" 500 3388
::1 - - [10/Aug/2025:21:16:41 +0800] "GET /wp-login.php/wp-content/plugins/woocommerce/assets/client/blocks/mini-cart.css?ver=wc-10.0.4 HTTP/1.1" 500 3388
::1 - - [10/Aug/2025:21:16:41 +0800] "GET /wp-login.php/wp-content/plugins/woocommerce/assets/client/blocks/packages-style.css?ver=wc-10.0.4 HTTP/1.1" 500 3388
::1 - - [10/Aug/2025:21:16:41 +0800] "GET /wp-login.php/wp-content/plugins/woocommerce/assets/client/blocks/mini-cart-contents.css?ver=wc-10.0.4 HTTP/1.1" 500 3388
::1 - - [10/Aug/2025:21:16:41 +0800] "GET /wp-login.php/wp-includes/blocks/image/style.min.css?ver=6.8.2 HTTP/1.1" 500 3388
::1 - - [10/Aug/2025:21:16:41 +0800] "GET /wp-login.php/wp-includes/blocks/cover/style.min.css?ver=6.8.2 HTTP/1.1" 500 3388
::1 - - [10/Aug/2025:21:16:41 +0800] "GET /wp-login.php/wp-includes/blocks/social-links/style.min.css?ver=6.8.2 HTTP/1.1" 500 3388
::1 - - [10/Aug/2025:21:16:41 +0800] "GET /wp-login.php/wp-content/plugins/woocommerce/assets/css/woocommerce.css?ver=10.0.4 HTTP/1.1" 500 3388
::1 - - [10/Aug/2025:21:16:41 +0800] "GET /wp-login.php/wp-content/plugins/woocommerce/assets/css/woocommerce-layout.css?ver=10.0.4 HTTP/1.1" 500 3388
::1 - - [10/Aug/2025:21:16:41 +0800] "GET /wp-login.php/wp-content/plugins/woocommerce/assets/css/woocommerce-blocktheme.css?ver=10.0.4 HTTP/1.1" 500 3388
::1 - - [10/Aug/2025:21:16:41 +0800] "GET /wp-login.php/wp-content/plugins/woocommerce/assets/css/brands.css?ver=10.0.4 HTTP/1.1" 500 3388
::1 - - [10/Aug/2025:21:16:42 +0800] "GET /wp-login.php/wp-includes/js/jquery/jquery.min.js?ver=3.7.1 HTTP/1.1" 500 3388
::1 - - [10/Aug/2025:21:16:42 +0800] "GET /wp-login.php/wp-includes/js/jquery/jquery-migrate.min.js?ver=3.4.1 HTTP/1.1" 500 3388
::1 - - [10/Aug/2025:21:16:42 +0800] "GET /wp-login.php/wp-includes/js/dist/script-modules/interactivity/index.min.js?ver=55aebb6e0a16726baffb HTTP/1.1" 500 3388
::1 - - [10/Aug/2025:21:16:42 +0800] "GET /wp-login.php/wp-includes/js/dist/script-modules/block-library/navigation/view.min.js?ver=61572d447d60c0aa5240 HTTP/1.1" 500 3388
::1 - - [10/Aug/2025:21:16:42 +0800] "GET /wp-login.php/wp-content/plugins/woocommerce/assets/client/blocks/wc-cart-checkout-base-frontend.js?ver=ee046eedc5351d6040d2 HTTP/1.1" 500 3388
::1 - - [10/Aug/2025:21:16:42 +0800] "GET /wp-login.php/wp-content/plugins/woocommerce/assets/client/blocks/wc-types.js?ver=35dee88875b85ff65531 HTTP/1.1" 500 3388
::1 - - [10/Aug/2025:21:16:42 +0800] "GET /wp-login.php/wp-includes/js/dist/i18n.min.js?ver=5e580eb46a90c2b997e6 HTTP/1.1" 500 3388
::1 - - [10/Aug/2025:21:16:42 +0800] "GET /wp-login.php/wp-includes/js/dist/hooks.min.js?ver=4d63a3d491d11ffd8ac6 HTTP/1.1" 500 3388
::1 - - [10/Aug/2025:21:16:42 +0800] "GET /wp-login.php/wp-includes/js/dist/vendor/wp-polyfill.min.js?ver=3.15.0 HTTP/1.1" 500 3388
::1 - - [10/Aug/2025:21:16:42 +0800] "GET /wp-login.php/wp-content/plugins/woocommerce/assets/client/blocks/wc-cart-checkout-vendors-frontend.js?ver=dc1dcf69b8c5fe0b6e90 HTTP/1.1" 500 3388
::1 - - [10/Aug/2025:21:16:42 +0800] "GET /wp-login.php/wp-content/themes/twentytwentyfour/assets/fonts/cardo/cardo_normal_700.woff2 HTTP/1.1" 500 3388
::1 - - [10/Aug/2025:21:16:42 +0800] "GET /wp-login.php/wp-content/plugins/woocommerce/assets/client/blocks/blocks-checkout-events.js?ver=2d0fd4590f6cc663947c HTTP/1.1" 500 3388
::1 - - [10/Aug/2025:21:16:42 +0800] "GET /wp-login.php/wp-content/themes/twentytwentyfour/assets/fonts/cardo/cardo_normal_400.woff2 HTTP/1.1" 500 3388
::1 - - [10/Aug/2025:21:16:42 +0800] "GET /wp-login.php/wp-includes/js/dist/vendor/react-jsx-runtime.min.js?ver=18.3.1 HTTP/1.1" 500 3388
::1 - - [10/Aug/2025:21:16:42 +0800] "GET /wp-login.php/wp-includes/js/dist/vendor/react.min.js?ver=18.3.1.1 HTTP/1.1" 500 3388
::1 - - [10/Aug/2025:21:16:42 +0800] "GET /wp-login.php/wp-includes/js/dist/url.min.js?ver=c2964167dfe2477c14ea HTTP/1.1" 500 3388
::1 - - [10/Aug/2025:21:16:42 +0800] "GET /wp-login.php/wp-includes/js/dist/api-fetch.min.js?ver=3623a576c78df404ff20 HTTP/1.1" 500 3388
::1 - - [10/Aug/2025:21:16:42 +0800] "GET /wp-login.php/wp-includes/js/dist/deprecated.min.js?ver=e1f84915c5e8ae38964c HTTP/1.1" 500 3388
::1 - - [10/Aug/2025:21:16:42 +0800] "GET /wp-login.php/wp-content/plugins/woocommerce/assets/client/blocks/wc-settings.js?ver=4f2e7067bd1c84cca43f HTTP/1.1" 500 3388
::1 - - [10/Aug/2025:21:16:42 +0800] "GET /wp-login.php/wp-includes/js/dist/vendor/react-dom.min.js?ver=18.3.1.1 HTTP/1.1" 500 3388
::1 - - [10/Aug/2025:21:16:42 +0800] "GET /wp-login.php/wp-includes/js/dist/dom.min.js?ver=80bd57c84b45cf04f4ce HTTP/1.1" 500 3388
::1 - - [10/Aug/2025:21:16:42 +0800] "GET /wp-login.php/wp-includes/js/dist/escape-html.min.js?ver=6561a406d2d232a6fbd2 HTTP/1.1" 500 3388
::1 - - [10/Aug/2025:21:16:42 +0800] "GET /wp-login.php/wp-includes/js/dist/is-shallow-equal.min.js?ver=e0f9f1d78d83f5196979 HTTP/1.1" 500 3388
::1 - - [10/Aug/2025:21:16:42 +0800] "GET /wp-login.php/wp-includes/js/dist/keycodes.min.js?ver=034ff647a54b018581d3 HTTP/1.1" 500 3388
::1 - - [10/Aug/2025:21:16:42 +0800] "GET /wp-login.php/wp-includes/js/dist/priority-queue.min.js?ver=9c21c957c7e50ffdbf48 HTTP/1.1" 500 3388
::1 - - [10/Aug/2025:21:16:42 +0800] "GET /wp-login.php/wp-includes/js/dist/element.min.js?ver=a4eeeadd23c0d7ab1d2d HTTP/1.1" 500 3388
::1 - - [10/Aug/2025:21:16:42 +0800] "GET /wp-login.php/wp-includes/js/dist/compose.min.js?ver=84bcf832a5c99203f3db HTTP/1.1" 500 3388
::1 - - [10/Aug/2025:21:16:42 +0800] "GET /wp-login.php/wp-includes/js/dist/redux-routine.min.js?ver=8bb92d45458b29590f53 HTTP/1.1" 500 3388
::1 - - [10/Aug/2025:21:16:42 +0800] "GET /wp-login.php/wp-includes/js/dist/private-apis.min.js?ver=0f8478f1ba7e0eea562b HTTP/1.1" 500 3388
::1 - - [10/Aug/2025:21:16:42 +0800] "GET /wp-login.php/wp-includes/js/dist/data.min.js?ver=fe6c4835cd00e12493c3 HTTP/1.1" 500 3388
::1 - - [10/Aug/2025:21:16:42 +0800] "GET /wp-login.php/wp-content/plugins/woocommerce/assets/client/blocks/wc-blocks-registry.js?ver=a54ead1833becfc12662 HTTP/1.1" 500 3388
::1 - - [10/Aug/2025:21:16:42 +0800] "GET /wp-login.php/wp-includes/js/dist/html-entities.min.js?ver=2cd3358363e0675638fb HTTP/1.1" 500 3388
::1 - - [10/Aug/2025:21:16:42 +0800] "GET /wp-login.php/wp-includes/js/dist/notices.min.js?ver=673a68a7ac2f556ed50b HTTP/1.1" 500 3388
::1 - - [10/Aug/2025:21:16:42 +0800] "GET /wp-login.php/wp-includes/js/dist/data-controls.min.js?ver=49f5587e8b90f9e7cc7e HTTP/1.1" 500 3388
::1 - - [10/Aug/2025:21:16:42 +0800] "GET /wp-login.php/wp-content/plugins/woocommerce/assets/client/blocks/wc-blocks-data.js?ver=0829e8e0d76bff927a49 HTTP/1.1" 500 3388
::1 - - [10/Aug/2025:21:16:42 +0800] "GET /wp-login.php/wp-content/plugins/woocommerce/assets/client/blocks/wc-blocks-middleware.js?ver=d79dedade2f2e4dc9df4 HTTP/1.1" 500 3388
::1 - - [10/Aug/2025:21:16:43 +0800] "GET /wp-login.php/wp-content/plugins/woocommerce/assets/js/sourcebuster/sourcebuster.min.js?ver=10.0.4 HTTP/1.1" 500 3388
::1 - - [10/Aug/2025:21:16:43 +0800] "GET /wp-login.php/wp-content/plugins/woocommerce/assets/client/blocks/mini-cart-frontend.js?ver=57afd6974dfbfd956d06 HTTP/1.1" 500 3388
::1 - - [10/Aug/2025:21:16:43 +0800] "GET /wp-login.php/wp-content/plugins/woocommerce/assets/client/blocks/price-format.js?ver=57e176e7cc02bdd27978 HTTP/1.1" 500 3388
::1 - - [10/Aug/2025:21:16:43 +0800] "GET /wp-login.php/wp-content/plugins/woocommerce/assets/js/jquery-blockui/jquery.blockUI.min.js?ver=2.7.0-wc.10.0.4 HTTP/1.1" 500 3388
::1 - - [10/Aug/2025:21:16:43 +0800] "GET /wp-login.php/wp-content/plugins/woocommerce/assets/js/frontend/order-attribution.min.js?ver=10.0.4 HTTP/1.1" 500 3388
::1 - - [10/Aug/2025:21:16:43 +0800] "GET /wp-login.php/wp-content/plugins/woocommerce/assets/js/js-cookie/js.cookie.min.js?ver=2.1.4-wc.10.0.4 HTTP/1.1" 500 3388
::1 - - [10/Aug/2025:21:16:43 +0800] "GET /wp-login.php/wp-content/plugins/woocommerce/assets/js/frontend/add-to-cart.min.js?ver=10.0.4 HTTP/1.1" 500 3388
::1 - - [10/Aug/2025:21:16:43 +0800] "GET /wp-login.php/wp-content/plugins/woocommerce/assets/js/frontend/woocommerce.min.js?ver=10.0.4 HTTP/1.1" 500 3388
::1 - - [10/Aug/2025:21:16:43 +0800] "GET /wp-login.php/wp-content/plugins/woocommerce/assets/css/woocommerce-smallscreen.css?ver=10.0.4 HTTP/1.1" 500 3388
::1 - - [10/Aug/2025:21:16:43 +0800] "GET /wp-login.php/wp-includes/js/wp-emoji-release.min.js?ver=6.8.2 HTTP/1.1" 500 3388
::1 - - [10/Aug/2025:21:18:51 +0800] "GET /wp-admin/ HTTP/1.1" 500 4074
::1 - - [10/Aug/2025:21:19:15 +0800] "GET /wp-admin/ HTTP/1.1" 500 4074
::1 - - [10/Aug/2025:21:19:21 +0800] "GET /wp-login.php/wp-includes/blocks/navigation/style.min.css?ver=6.8.2 HTTP/1.1" 500 3388
::1 - - [10/Aug/2025:21:19:22 +0800] "GET /wp-login.php/wp-content/plugins/woocommerce/assets/client/blocks/customer-account.css?ver=wc-10.0.4 HTTP/1.1" 500 3388
::1 - - [10/Aug/2025:21:19:22 +0800] "GET /wp-login.php/wp-content/plugins/woocommerce/assets/client/blocks/packages-style.css?ver=wc-10.0.4 HTTP/1.1" 500 3388
::1 - - [10/Aug/2025:21:19:21 +0800] "GET /wp-login.php/wp-content/plugins/woocommerce/assets/client/blocks/wc-blocks.css?ver=wc-10.0.4 HTTP/1.1" 500 3388
::1 - - [10/Aug/2025:21:19:22 +0800] "GET /wp-login.php/wp-content/plugins/woocommerce/assets/client/blocks/mini-cart.css?ver=wc-10.0.4 HTTP/1.1" 500 3388
::1 - - [10/Aug/2025:21:19:22 +0800] "GET /wp-login.php/wp-content/plugins/woocommerce/assets/client/blocks/mini-cart-contents.css?ver=wc-10.0.4 HTTP/1.1" 500 3388
::1 - - [10/Aug/2025:21:19:22 +0800] "GET /wp-login.php/wp-includes/blocks/cover/style.min.css?ver=6.8.2 HTTP/1.1" 500 3388
::1 - - [10/Aug/2025:21:19:22 +0800] "GET /wp-login.php/wp-includes/blocks/image/style.min.css?ver=6.8.2 HTTP/1.1" 500 3388
::1 - - [10/Aug/2025:21:19:22 +0800] "GET /wp-login.php/wp-content/plugins/woocommerce/assets/css/woocommerce-blocktheme.css?ver=10.0.4 HTTP/1.1" 500 3388
::1 - - [10/Aug/2025:21:19:22 +0800] "GET /wp-login.php/wp-content/plugins/woocommerce/assets/css/woocommerce-layout.css?ver=10.0.4 HTTP/1.1" 500 3388
::1 - - [10/Aug/2025:21:19:22 +0800] "GET /wp-login.php/wp-includes/blocks/social-links/style.min.css?ver=6.8.2 HTTP/1.1" 500 3388
::1 - - [10/Aug/2025:21:19:22 +0800] "GET /wp-login.php/wp-content/plugins/woocommerce/assets/css/woocommerce.css?ver=10.0.4 HTTP/1.1" 500 3388
::1 - - [10/Aug/2025:21:19:22 +0800] "GET /wp-login.php/wp-content/plugins/woocommerce/assets/css/brands.css?ver=10.0.4 HTTP/1.1" 500 3388
::1 - - [10/Aug/2025:21:19:22 +0800] "GET /wp-login.php/wp-includes/js/jquery/jquery-migrate.min.js?ver=3.4.1 HTTP/1.1" 500 3388
::1 - - [10/Aug/2025:21:19:22 +0800] "GET /wp-login.php/wp-includes/js/jquery/jquery.min.js?ver=3.7.1 HTTP/1.1" 500 3388
::1 - - [10/Aug/2025:21:19:22 +0800] "GET /wp-login.php/wp-includes/js/dist/script-modules/block-library/navigation/view.min.js?ver=61572d447d60c0aa5240 HTTP/1.1" 500 3388
::1 - - [10/Aug/2025:21:19:22 +0800] "GET /wp-login.php/wp-includes/js/dist/script-modules/interactivity/index.min.js?ver=55aebb6e0a16726baffb HTTP/1.1" 500 3388
::1 - - [10/Aug/2025:21:19:22 +0800] "GET /wp-login.php/wp-includes/js/dist/vendor/wp-polyfill.min.js?ver=3.15.0 HTTP/1.1" 500 3388
::1 - - [10/Aug/2025:21:19:22 +0800] "GET /wp-login.php/wp-includes/js/dist/i18n.min.js?ver=5e580eb46a90c2b997e6 HTTP/1.1" 500 3388
::1 - - [10/Aug/2025:21:19:22 +0800] "GET /wp-login.php/wp-content/plugins/woocommerce/assets/client/blocks/wc-cart-checkout-vendors-frontend.js?ver=dc1dcf69b8c5fe0b6e90 HTTP/1.1" 500 3388
::1 - - [10/Aug/2025:21:19:22 +0800] "GET /wp-login.php/wp-content/plugins/woocommerce/assets/client/blocks/wc-cart-checkout-base-frontend.js?ver=ee046eedc5351d6040d2 HTTP/1.1" 500 3388
::1 - - [10/Aug/2025:21:19:22 +0800] "GET /wp-login.php/wp-includes/js/dist/hooks.min.js?ver=4d63a3d491d11ffd8ac6 HTTP/1.1" 500 3388
::1 - - [10/Aug/2025:21:19:22 +0800] "GET /wp-login.php/wp-content/themes/twentytwentyfour/assets/fonts/cardo/cardo_normal_700.woff2 HTTP/1.1" 500 3388
::1 - - [10/Aug/2025:21:19:22 +0800] "GET /wp-login.php/wp-content/themes/twentytwentyfour/assets/fonts/cardo/cardo_normal_400.woff2 HTTP/1.1" 500 3388
::1 - - [10/Aug/2025:21:19:22 +0800] "GET /wp-login.php/wp-content/plugins/woocommerce/assets/client/blocks/wc-types.js?ver=35dee88875b85ff65531 HTTP/1.1" 500 3388
::1 - - [10/Aug/2025:21:19:22 +0800] "GET /wp-login.php/wp-includes/js/dist/vendor/react.min.js?ver=18.3.1.1 HTTP/1.1" 500 3388
::1 - - [10/Aug/2025:21:19:22 +0800] "GET /wp-login.php/wp-content/plugins/woocommerce/assets/client/blocks/blocks-checkout-events.js?ver=2d0fd4590f6cc663947c HTTP/1.1" 500 3388
::1 - - [10/Aug/2025:21:19:22 +0800] "GET /wp-login.php/wp-includes/js/dist/vendor/react-jsx-runtime.min.js?ver=18.3.1 HTTP/1.1" 500 3388
::1 - - [10/Aug/2025:21:19:22 +0800] "GET /wp-login.php/wp-includes/js/dist/dom.min.js?ver=80bd57c84b45cf04f4ce HTTP/1.1" 500 3388
::1 - - [10/Aug/2025:21:19:22 +0800] "GET /wp-login.php/wp-includes/js/dist/url.min.js?ver=c2964167dfe2477c14ea HTTP/1.1" 500 3388
::1 - - [10/Aug/2025:21:19:22 +0800] "GET /wp-login.php/wp-includes/js/dist/api-fetch.min.js?ver=3623a576c78df404ff20 HTTP/1.1" 500 3388
::1 - - [10/Aug/2025:21:19:22 +0800] "GET /wp-login.php/wp-content/plugins/woocommerce/assets/client/blocks/wc-settings.js?ver=4f2e7067bd1c84cca43f HTTP/1.1" 500 3388
::1 - - [10/Aug/2025:21:19:22 +0800] "GET /wp-login.php/wp-includes/js/dist/deprecated.min.js?ver=e1f84915c5e8ae38964c HTTP/1.1" 500 3388
::1 - - [10/Aug/2025:21:19:22 +0800] "GET /wp-login.php/wp-includes/js/dist/vendor/react-dom.min.js?ver=18.3.1.1 HTTP/1.1" 500 3388
::1 - - [10/Aug/2025:21:19:22 +0800] "GET /wp-login.php/wp-includes/js/dist/escape-html.min.js?ver=6561a406d2d232a6fbd2 HTTP/1.1" 500 3388
::1 - - [10/Aug/2025:21:19:22 +0800] "GET /wp-login.php/wp-includes/js/dist/element.min.js?ver=a4eeeadd23c0d7ab1d2d HTTP/1.1" 500 3388
::1 - - [10/Aug/2025:21:19:22 +0800] "GET /wp-login.php/wp-includes/js/dist/is-shallow-equal.min.js?ver=e0f9f1d78d83f5196979 HTTP/1.1" 500 3388
::1 - - [10/Aug/2025:21:19:22 +0800] "GET /wp-login.php/wp-includes/js/dist/keycodes.min.js?ver=034ff647a54b018581d3 HTTP/1.1" 500 3388
::1 - - [10/Aug/2025:21:19:22 +0800] "GET /wp-login.php/wp-includes/js/dist/priority-queue.min.js?ver=9c21c957c7e50ffdbf48 HTTP/1.1" 500 3388
::1 - - [10/Aug/2025:21:19:22 +0800] "GET /wp-login.php/wp-includes/js/dist/compose.min.js?ver=84bcf832a5c99203f3db HTTP/1.1" 500 3388
::1 - - [10/Aug/2025:21:19:22 +0800] "GET /wp-login.php/wp-includes/js/dist/private-apis.min.js?ver=0f8478f1ba7e0eea562b HTTP/1.1" 500 3388
::1 - - [10/Aug/2025:21:19:22 +0800] "GET /wp-login.php/wp-includes/js/dist/redux-routine.min.js?ver=8bb92d45458b29590f53 HTTP/1.1" 500 3388
::1 - - [10/Aug/2025:21:19:22 +0800] "GET /wp-login.php/wp-includes/js/dist/data.min.js?ver=fe6c4835cd00e12493c3 HTTP/1.1" 500 3388
::1 - - [10/Aug/2025:21:19:22 +0800] "GET /wp-login.php/wp-content/plugins/woocommerce/assets/client/blocks/wc-blocks-registry.js?ver=a54ead1833becfc12662 HTTP/1.1" 500 3388
::1 - - [10/Aug/2025:21:19:22 +0800] "GET /wp-login.php/wp-includes/js/dist/data-controls.min.js?ver=49f5587e8b90f9e7cc7e HTTP/1.1" 500 3388
::1 - - [10/Aug/2025:21:19:22 +0800] "GET /wp-login.php/wp-includes/js/dist/html-entities.min.js?ver=2cd3358363e0675638fb HTTP/1.1" 500 3388
::1 - - [10/Aug/2025:21:19:22 +0800] "GET /wp-login.php/wp-includes/js/dist/notices.min.js?ver=673a68a7ac2f556ed50b HTTP/1.1" 500 3388
::1 - - [10/Aug/2025:21:19:22 +0800] "GET /wp-login.php/wp-content/plugins/woocommerce/assets/client/blocks/wc-blocks-middleware.js?ver=d79dedade2f2e4dc9df4 HTTP/1.1" 500 3388
::1 - - [10/Aug/2025:21:19:23 +0800] "GET /wp-login.php/wp-content/plugins/woocommerce/assets/client/blocks/wc-blocks-data.js?ver=0829e8e0d76bff927a49 HTTP/1.1" 500 3388
::1 - - [10/Aug/2025:21:19:23 +0800] "GET /wp-login.php/wp-content/plugins/woocommerce/assets/client/blocks/price-format.js?ver=57e176e7cc02bdd27978 HTTP/1.1" 500 3388
::1 - - [10/Aug/2025:21:19:23 +0800] "GET /wp-login.php/wp-content/plugins/woocommerce/assets/js/sourcebuster/sourcebuster.min.js?ver=10.0.4 HTTP/1.1" 500 3388
::1 - - [10/Aug/2025:21:19:23 +0800] "GET /wp-login.php/wp-content/plugins/woocommerce/assets/client/blocks/mini-cart-frontend.js?ver=57afd6974dfbfd956d06 HTTP/1.1" 500 3388
::1 - - [10/Aug/2025:21:19:23 +0800] "GET /wp-login.php/wp-content/plugins/woocommerce/assets/js/frontend/woocommerce.min.js?ver=10.0.4 HTTP/1.1" 500 3388
::1 - - [10/Aug/2025:21:19:23 +0800] "GET /wp-login.php/wp-content/plugins/woocommerce/assets/js/frontend/order-attribution.min.js?ver=10.0.4 HTTP/1.1" 500 3388
::1 - - [10/Aug/2025:21:19:23 +0800] "GET /wp-login.php/wp-content/plugins/woocommerce/assets/js/jquery-blockui/jquery.blockUI.min.js?ver=2.7.0-wc.10.0.4 HTTP/1.1" 500 3388
::1 - - [10/Aug/2025:21:19:23 +0800] "GET /wp-login.php/wp-content/plugins/woocommerce/assets/js/frontend/add-to-cart.min.js?ver=10.0.4 HTTP/1.1" 500 3388
::1 - - [10/Aug/2025:21:19:23 +0800] "GET /wp-login.php/wp-content/plugins/woocommerce/assets/js/js-cookie/js.cookie.min.js?ver=2.1.4-wc.10.0.4 HTTP/1.1" 500 3388
::1 - - [10/Aug/2025:21:19:23 +0800] "GET /wp-login.php/wp-content/plugins/woocommerce/assets/css/woocommerce-smallscreen.css?ver=10.0.4 HTTP/1.1" 500 3388
::1 - - [10/Aug/2025:21:19:23 +0800] "GET /wp-login.php/wp-includes/js/wp-emoji-release.min.js?ver=6.8.2 HTTP/1.1" 500 3388
::1 - - [10/Aug/2025:21:19:24 +0800] "GET /index.php/my-account/ HTTP/1.1" 500 3388
::1 - - [10/Aug/2025:21:19:24 +0800] "GET /index.php/my-account/ HTTP/1.1" 500 3388
::1 - - [10/Aug/2025:21:19:29 +0800] "GET /index.php/checkout/ HTTP/1.1" 500 3388
::1 - - [10/Aug/2025:21:19:29 +0800] "GET /index.php/checkout/ HTTP/1.1" 500 3388
::1 - - [10/Aug/2025:21:19:35 +0800] "GET /fix_http_host.php HTTP/1.1" 200 1257
::1 - - [10/Aug/2025:21:19:37 +0800] "GET /fix_http_host.php HTTP/1.1" 200 1257
::1 - - [10/Aug/2025:21:19:38 +0800] "GET /fix_http_host.php HTTP/1.1" 200 1257
::1 - - [10/Aug/2025:21:19:38 +0800] "GET /fix_http_host.php HTTP/1.1" 200 1257
::1 - - [10/Aug/2025:21:19:45 +0800] "GET /wp-login.php/wp-includes/blocks/navigation/style.min.css?ver=6.8.2 HTTP/1.1" 500 3388
::1 - - [10/Aug/2025:21:19:45 +0800] "GET /wp-login.php/wp-content/plugins/woocommerce/assets/client/blocks/mini-cart-contents.css?ver=wc-10.0.4 HTTP/1.1" 500 3388
::1 - - [10/Aug/2025:21:19:45 +0800] "GET /wp-login.php/wp-content/plugins/woocommerce/assets/client/blocks/customer-account.css?ver=wc-10.0.4 HTTP/1.1" 500 3388
::1 - - [10/Aug/2025:21:19:45 +0800] "GET /wp-login.php/wp-content/plugins/woocommerce/assets/client/blocks/mini-cart.css?ver=wc-10.0.4 HTTP/1.1" 500 3388
::1 - - [10/Aug/2025:21:19:45 +0800] "GET /wp-login.php/wp-content/plugins/woocommerce/assets/client/blocks/wc-blocks.css?ver=wc-10.0.4 HTTP/1.1" 500 3388
::1 - - [10/Aug/2025:21:19:45 +0800] "GET /wp-login.php/wp-content/plugins/woocommerce/assets/client/blocks/packages-style.css?ver=wc-10.0.4 HTTP/1.1" 500 3388
::1 - - [10/Aug/2025:21:19:45 +0800] "GET /wp-login.php/wp-includes/blocks/image/style.min.css?ver=6.8.2 HTTP/1.1" 500 3388
::1 - - [10/Aug/2025:21:19:45 +0800] "GET /wp-login.php/wp-content/plugins/woocommerce/assets/css/woocommerce.css?ver=10.0.4 HTTP/1.1" 500 3388
::1 - - [10/Aug/2025:21:19:45 +0800] "GET /wp-login.php/wp-includes/blocks/social-links/style.min.css?ver=6.8.2 HTTP/1.1" 500 3388
::1 - - [10/Aug/2025:21:19:45 +0800] "GET /wp-login.php/wp-includes/blocks/cover/style.min.css?ver=6.8.2 HTTP/1.1" 500 3388
::1 - - [10/Aug/2025:21:19:45 +0800] "GET /wp-login.php/wp-content/plugins/woocommerce/assets/css/woocommerce-blocktheme.css?ver=10.0.4 HTTP/1.1" 500 3388
::1 - - [10/Aug/2025:21:19:45 +0800] "GET /wp-login.php/wp-content/plugins/woocommerce/assets/css/woocommerce-layout.css?ver=10.0.4 HTTP/1.1" 500 3388
::1 - - [10/Aug/2025:21:19:45 +0800] "GET /wp-login.php/wp-content/plugins/woocommerce/assets/css/brands.css?ver=10.0.4 HTTP/1.1" 500 3388
::1 - - [10/Aug/2025:21:19:45 +0800] "GET /wp-login.php/wp-includes/js/jquery/jquery-migrate.min.js?ver=3.4.1 HTTP/1.1" 500 3388
::1 - - [10/Aug/2025:21:19:45 +0800] "GET /wp-login.php/wp-includes/js/jquery/jquery.min.js?ver=3.7.1 HTTP/1.1" 500 3388
::1 - - [10/Aug/2025:21:19:45 +0800] "GET /wp-login.php/wp-includes/js/dist/script-modules/interactivity/index.min.js?ver=55aebb6e0a16726baffb HTTP/1.1" 500 3388
::1 - - [10/Aug/2025:21:19:45 +0800] "GET /wp-login.php/wp-includes/js/dist/script-modules/block-library/navigation/view.min.js?ver=61572d447d60c0aa5240 HTTP/1.1" 500 3388
::1 - - [10/Aug/2025:21:19:45 +0800] "GET /wp-login.php/wp-includes/js/dist/i18n.min.js?ver=5e580eb46a90c2b997e6 HTTP/1.1" 500 3388
::1 - - [10/Aug/2025:21:19:45 +0800] "GET /wp-login.php/wp-content/plugins/woocommerce/assets/client/blocks/wc-cart-checkout-vendors-frontend.js?ver=dc1dcf69b8c5fe0b6e90 HTTP/1.1" 500 3388
::1 - - [10/Aug/2025:21:19:45 +0800] "GET /wp-login.php/wp-includes/js/dist/hooks.min.js?ver=4d63a3d491d11ffd8ac6 HTTP/1.1" 500 3388
::1 - - [10/Aug/2025:21:19:45 +0800] "GET /wp-login.php/wp-includes/js/dist/vendor/wp-polyfill.min.js?ver=3.15.0 HTTP/1.1" 500 3388
::1 - - [10/Aug/2025:21:19:45 +0800] "GET /wp-login.php/wp-content/plugins/woocommerce/assets/client/blocks/wc-cart-checkout-base-frontend.js?ver=ee046eedc5351d6040d2 HTTP/1.1" 500 3388
::1 - - [10/Aug/2025:21:19:45 +0800] "GET /wp-login.php/wp-content/plugins/woocommerce/assets/client/blocks/wc-types.js?ver=35dee88875b85ff65531 HTTP/1.1" 500 3388
::1 - - [10/Aug/2025:21:19:46 +0800] "GET /wp-login.php/wp-content/themes/twentytwentyfour/assets/fonts/cardo/cardo_normal_700.woff2 HTTP/1.1" 500 3388
::1 - - [10/Aug/2025:21:19:46 +0800] "GET /wp-login.php/wp-includes/js/dist/vendor/react.min.js?ver=18.3.1.1 HTTP/1.1" 500 3388
::1 - - [10/Aug/2025:21:19:46 +0800] "GET /wp-login.php/wp-content/themes/twentytwentyfour/assets/fonts/cardo/cardo_normal_400.woff2 HTTP/1.1" 500 3388
::1 - - [10/Aug/2025:21:19:46 +0800] "GET /wp-login.php/wp-includes/js/dist/vendor/react-jsx-runtime.min.js?ver=18.3.1 HTTP/1.1" 500 3388
::1 - - [10/Aug/2025:21:19:46 +0800] "GET /wp-login.php/wp-content/plugins/woocommerce/assets/client/blocks/blocks-checkout-events.js?ver=2d0fd4590f6cc663947c HTTP/1.1" 500 3388
::1 - - [10/Aug/2025:21:19:46 +0800] "GET /wp-login.php/wp-includes/js/dist/url.min.js?ver=c2964167dfe2477c14ea HTTP/1.1" 500 3388
::1 - - [10/Aug/2025:21:19:46 +0800] "GET /wp-login.php/wp-includes/js/dist/deprecated.min.js?ver=e1f84915c5e8ae38964c HTTP/1.1" 500 3388
::1 - - [10/Aug/2025:21:19:46 +0800] "GET /wp-login.php/wp-content/plugins/woocommerce/assets/client/blocks/wc-settings.js?ver=4f2e7067bd1c84cca43f HTTP/1.1" 500 3388
::1 - - [10/Aug/2025:21:19:46 +0800] "GET /wp-login.php/wp-includes/js/dist/api-fetch.min.js?ver=3623a576c78df404ff20 HTTP/1.1" 500 3388
::1 - - [10/Aug/2025:21:19:46 +0800] "GET /wp-login.php/wp-includes/js/dist/dom.min.js?ver=80bd57c84b45cf04f4ce HTTP/1.1" 500 3388
::1 - - [10/Aug/2025:21:19:46 +0800] "GET /wp-login.php/wp-includes/js/dist/vendor/react-dom.min.js?ver=18.3.1.1 HTTP/1.1" 500 3388
::1 - - [10/Aug/2025:21:19:46 +0800] "GET /wp-login.php/wp-includes/js/dist/is-shallow-equal.min.js?ver=e0f9f1d78d83f5196979 HTTP/1.1" 500 3388
::1 - - [10/Aug/2025:21:19:46 +0800] "GET /wp-login.php/wp-includes/js/dist/escape-html.min.js?ver=6561a406d2d232a6fbd2 HTTP/1.1" 500 3388
::1 - - [10/Aug/2025:21:19:46 +0800] "GET /wp-login.php/wp-includes/js/dist/keycodes.min.js?ver=034ff647a54b018581d3 HTTP/1.1" 500 3388
::1 - - [10/Aug/2025:21:19:46 +0800] "GET /wp-login.php/wp-includes/js/dist/element.min.js?ver=a4eeeadd23c0d7ab1d2d HTTP/1.1" 500 3388
::1 - - [10/Aug/2025:21:19:46 +0800] "GET /wp-login.php/wp-includes/js/dist/priority-queue.min.js?ver=9c21c957c7e50ffdbf48 HTTP/1.1" 500 3388
::1 - - [10/Aug/2025:21:19:46 +0800] "GET /wp-login.php/wp-includes/js/dist/data.min.js?ver=fe6c4835cd00e12493c3 HTTP/1.1" 500 3388
::1 - - [10/Aug/2025:21:19:46 +0800] "GET /wp-login.php/wp-includes/js/dist/compose.min.js?ver=84bcf832a5c99203f3db HTTP/1.1" 500 3388
::1 - - [10/Aug/2025:21:19:46 +0800] "GET /wp-login.php/wp-includes/js/dist/private-apis.min.js?ver=0f8478f1ba7e0eea562b HTTP/1.1" 500 3388
::1 - - [10/Aug/2025:21:19:46 +0800] "GET /wp-login.php/wp-includes/js/dist/redux-routine.min.js?ver=8bb92d45458b29590f53 HTTP/1.1" 500 3388
::1 - - [10/Aug/2025:21:19:46 +0800] "GET /wp-login.php/wp-content/plugins/woocommerce/assets/client/blocks/wc-blocks-registry.js?ver=a54ead1833becfc12662 HTTP/1.1" 500 3388
::1 - - [10/Aug/2025:21:19:46 +0800] "GET /wp-login.php/wp-includes/js/dist/notices.min.js?ver=673a68a7ac2f556ed50b HTTP/1.1" 500 3388
::1 - - [10/Aug/2025:21:19:46 +0800] "GET /wp-login.php/wp-includes/js/dist/data-controls.min.js?ver=49f5587e8b90f9e7cc7e HTTP/1.1" 500 3388
::1 - - [10/Aug/2025:21:19:46 +0800] "GET /wp-login.php/wp-includes/js/dist/html-entities.min.js?ver=2cd3358363e0675638fb HTTP/1.1" 500 3388
::1 - - [10/Aug/2025:21:19:46 +0800] "GET /wp-login.php/wp-content/plugins/woocommerce/assets/client/blocks/wc-blocks-middleware.js?ver=d79dedade2f2e4dc9df4 HTTP/1.1" 500 3388
::1 - - [10/Aug/2025:21:19:46 +0800] "GET /wp-login.php/wp-content/plugins/woocommerce/assets/client/blocks/wc-blocks-data.js?ver=0829e8e0d76bff927a49 HTTP/1.1" 500 3388
::1 - - [10/Aug/2025:21:19:46 +0800] "GET /wp-login.php/wp-content/plugins/woocommerce/assets/client/blocks/mini-cart-frontend.js?ver=57afd6974dfbfd956d06 HTTP/1.1" 500 3388
::1 - - [10/Aug/2025:21:19:46 +0800] "GET /wp-login.php/wp-content/plugins/woocommerce/assets/client/blocks/price-format.js?ver=57e176e7cc02bdd27978 HTTP/1.1" 500 3388
::1 - - [10/Aug/2025:21:19:46 +0800] "GET /wp-login.php/wp-content/plugins/woocommerce/assets/js/sourcebuster/sourcebuster.min.js?ver=10.0.4 HTTP/1.1" 500 3388
::1 - - [10/Aug/2025:21:19:46 +0800] "GET /wp-login.php/wp-content/plugins/woocommerce/assets/js/frontend/order-attribution.min.js?ver=10.0.4 HTTP/1.1" 500 3388
::1 - - [10/Aug/2025:21:19:46 +0800] "GET /wp-login.php/wp-content/plugins/woocommerce/assets/js/jquery-blockui/jquery.blockUI.min.js?ver=2.7.0-wc.10.0.4 HTTP/1.1" 500 3388
::1 - - [10/Aug/2025:21:19:46 +0800] "GET /wp-login.php/wp-content/plugins/woocommerce/assets/js/frontend/add-to-cart.min.js?ver=10.0.4 HTTP/1.1" 500 3388
::1 - - [10/Aug/2025:21:19:46 +0800] "GET /wp-login.php/wp-content/plugins/woocommerce/assets/js/js-cookie/js.cookie.min.js?ver=2.1.4-wc.10.0.4 HTTP/1.1" 500 3388
::1 - - [10/Aug/2025:21:19:46 +0800] "GET /wp-login.php/wp-content/plugins/woocommerce/assets/css/woocommerce-smallscreen.css?ver=10.0.4 HTTP/1.1" 500 3388
::1 - - [10/Aug/2025:21:19:46 +0800] "GET /wp-login.php/wp-content/plugins/woocommerce/assets/js/frontend/woocommerce.min.js?ver=10.0.4 HTTP/1.1" 500 3388
::1 - - [10/Aug/2025:21:19:46 +0800] "GET /wp-login.php/wp-includes/js/wp-emoji-release.min.js?ver=6.8.2 HTTP/1.1" 500 3388
::1 - - [10/Aug/2025:21:19:48 +0800] "GET /phpinfo.php HTTP/1.1" 200 481
::1 - - [10/Aug/2025:21:20:48 +0800] "-" 408 -
::1 - - [10/Aug/2025:21:26:18 +0800] "GET /wp-install.php HTTP/1.1" 200 430
::1 - - [10/Aug/2025:21:26:21 +0800] "GET /wp-login.php/wp-content/plugins/woocommerce/assets/client/blocks/wc-blocks.css?ver=wc-10.0.4 HTTP/1.1" 500 3388
::1 - - [10/Aug/2025:21:26:21 +0800] "GET /wp-login.php/wp-includes/blocks/navigation/style.min.css?ver=6.8.2 HTTP/1.1" 500 3388
::1 - - [10/Aug/2025:21:26:21 +0800] "GET /wp-login.php/wp-content/plugins/woocommerce/assets/client/blocks/customer-account.css?ver=wc-10.0.4 HTTP/1.1" 500 3388
::1 - - [10/Aug/2025:21:26:21 +0800] "GET /wp-login.php/wp-content/plugins/woocommerce/assets/client/blocks/mini-cart-contents.css?ver=wc-10.0.4 HTTP/1.1" 500 3388
::1 - - [10/Aug/2025:21:26:21 +0800] "GET /wp-login.php/wp-content/plugins/woocommerce/assets/client/blocks/mini-cart.css?ver=wc-10.0.4 HTTP/1.1" 500 3388
::1 - - [10/Aug/2025:21:26:21 +0800] "GET /wp-login.php/wp-content/plugins/woocommerce/assets/client/blocks/packages-style.css?ver=wc-10.0.4 HTTP/1.1" 500 3388
::1 - - [10/Aug/2025:21:26:21 +0800] "GET /wp-login.php/wp-includes/blocks/cover/style.min.css?ver=6.8.2 HTTP/1.1" 500 3388
::1 - - [10/Aug/2025:21:26:21 +0800] "GET /wp-login.php/wp-includes/blocks/image/style.min.css?ver=6.8.2 HTTP/1.1" 500 3388
::1 - - [10/Aug/2025:21:26:21 +0800] "GET /wp-login.php/wp-includes/blocks/social-links/style.min.css?ver=6.8.2 HTTP/1.1" 500 3388
::1 - - [10/Aug/2025:21:26:21 +0800] "GET /wp-login.php/wp-content/plugins/woocommerce/assets/css/woocommerce-layout.css?ver=10.0.4 HTTP/1.1" 500 3388
::1 - - [10/Aug/2025:21:26:21 +0800] "GET /wp-login.php/wp-content/plugins/woocommerce/assets/css/woocommerce.css?ver=10.0.4 HTTP/1.1" 500 3388
::1 - - [10/Aug/2025:21:26:21 +0800] "GET /wp-login.php/wp-content/plugins/woocommerce/assets/css/woocommerce-blocktheme.css?ver=10.0.4 HTTP/1.1" 500 3388
::1 - - [10/Aug/2025:21:26:21 +0800] "GET /wp-login.php/wp-content/plugins/woocommerce/assets/css/brands.css?ver=10.0.4 HTTP/1.1" 500 3388
::1 - - [10/Aug/2025:21:26:21 +0800] "GET /wp-login.php/wp-includes/js/jquery/jquery.min.js?ver=3.7.1 HTTP/1.1" 500 3388
::1 - - [10/Aug/2025:21:26:21 +0800] "GET /wp-login.php/wp-includes/js/jquery/jquery-migrate.min.js?ver=3.4.1 HTTP/1.1" 500 3388
::1 - - [10/Aug/2025:21:26:21 +0800] "GET /wp-login.php/wp-includes/js/dist/script-modules/block-library/navigation/view.min.js?ver=61572d447d60c0aa5240 HTTP/1.1" 500 3388
::1 - - [10/Aug/2025:21:26:21 +0800] "GET /wp-login.php/wp-includes/js/dist/script-modules/interactivity/index.min.js?ver=55aebb6e0a16726baffb HTTP/1.1" 500 3388
::1 - - [10/Aug/2025:21:26:21 +0800] "GET /wp-login.php/wp-content/plugins/woocommerce/assets/client/blocks/wc-cart-checkout-base-frontend.js?ver=ee046eedc5351d6040d2 HTTP/1.1" 500 3388
::1 - - [10/Aug/2025:21:26:21 +0800] "GET /wp-login.php/wp-includes/js/dist/i18n.min.js?ver=5e580eb46a90c2b997e6 HTTP/1.1" 500 3388
::1 - - [10/Aug/2025:21:26:21 +0800] "GET /wp-login.php/wp-includes/js/dist/vendor/wp-polyfill.min.js?ver=3.15.0 HTTP/1.1" 500 3388
::1 - - [10/Aug/2025:21:26:21 +0800] "GET /wp-login.php/wp-includes/js/dist/hooks.min.js?ver=4d63a3d491d11ffd8ac6 HTTP/1.1" 500 3388
::1 - - [10/Aug/2025:21:26:21 +0800] "GET /wp-login.php/wp-content/plugins/woocommerce/assets/client/blocks/wc-cart-checkout-vendors-frontend.js?ver=dc1dcf69b8c5fe0b6e90 HTTP/1.1" 500 3388
::1 - - [10/Aug/2025:21:26:21 +0800] "GET /wp-login.php/wp-content/plugins/woocommerce/assets/client/blocks/blocks-checkout-events.js?ver=2d0fd4590f6cc663947c HTTP/1.1" 500 3388
::1 - - [10/Aug/2025:21:26:21 +0800] "GET /wp-login.php/wp-content/themes/twentytwentyfour/assets/fonts/cardo/cardo_normal_700.woff2 HTTP/1.1" 500 3388
::1 - - [10/Aug/2025:21:26:21 +0800] "GET /wp-login.php/wp-content/themes/twentytwentyfour/assets/fonts/cardo/cardo_normal_400.woff2 HTTP/1.1" 500 3388
::1 - - [10/Aug/2025:21:26:21 +0800] "GET /wp-login.php/wp-content/plugins/woocommerce/assets/client/blocks/wc-types.js?ver=35dee88875b85ff65531 HTTP/1.1" 500 3388
::1 - - [10/Aug/2025:21:26:21 +0800] "GET /wp-login.php/wp-includes/js/dist/vendor/react.min.js?ver=18.3.1.1 HTTP/1.1" 500 3388
::1 - - [10/Aug/2025:21:26:21 +0800] "GET /wp-login.php/wp-includes/js/dist/vendor/react-jsx-runtime.min.js?ver=18.3.1 HTTP/1.1" 500 3388
::1 - - [10/Aug/2025:21:26:21 +0800] "GET /wp-login.php/wp-includes/js/dist/url.min.js?ver=c2964167dfe2477c14ea HTTP/1.1" 500 3388
::1 - - [10/Aug/2025:21:26:21 +0800] "GET /wp-login.php/wp-content/plugins/woocommerce/assets/client/blocks/wc-settings.js?ver=4f2e7067bd1c84cca43f HTTP/1.1" 500 3388
::1 - - [10/Aug/2025:21:26:21 +0800] "GET /wp-login.php/wp-includes/js/dist/api-fetch.min.js?ver=3623a576c78df404ff20 HTTP/1.1" 500 3388
::1 - - [10/Aug/2025:21:26:21 +0800] "GET /wp-login.php/wp-includes/js/dist/deprecated.min.js?ver=e1f84915c5e8ae38964c HTTP/1.1" 500 3388
::1 - - [10/Aug/2025:21:26:21 +0800] "GET /wp-login.php/wp-includes/js/dist/dom.min.js?ver=80bd57c84b45cf04f4ce HTTP/1.1" 500 3388
::1 - - [10/Aug/2025:21:26:21 +0800] "GET /wp-login.php/wp-includes/js/dist/vendor/react-dom.min.js?ver=18.3.1.1 HTTP/1.1" 500 3388
::1 - - [10/Aug/2025:21:26:21 +0800] "GET /wp-login.php/wp-includes/js/dist/element.min.js?ver=a4eeeadd23c0d7ab1d2d HTTP/1.1" 500 3388
::1 - - [10/Aug/2025:21:26:21 +0800] "GET /wp-login.php/wp-includes/js/dist/escape-html.min.js?ver=6561a406d2d232a6fbd2 HTTP/1.1" 500 3388
::1 - - [10/Aug/2025:21:26:21 +0800] "GET /wp-login.php/wp-includes/js/dist/is-shallow-equal.min.js?ver=e0f9f1d78d83f5196979 HTTP/1.1" 500 3388
::1 - - [10/Aug/2025:21:26:21 +0800] "GET /wp-login.php/wp-includes/js/dist/keycodes.min.js?ver=034ff647a54b018581d3 HTTP/1.1" 500 3388
::1 - - [10/Aug/2025:21:26:21 +0800] "GET /wp-login.php/wp-includes/js/dist/priority-queue.min.js?ver=9c21c957c7e50ffdbf48 HTTP/1.1" 500 3388
::1 - - [10/Aug/2025:21:26:21 +0800] "GET /wp-login.php/wp-includes/js/dist/private-apis.min.js?ver=0f8478f1ba7e0eea562b HTTP/1.1" 500 3388
::1 - - [10/Aug/2025:21:26:21 +0800] "GET /wp-login.php/wp-includes/js/dist/compose.min.js?ver=84bcf832a5c99203f3db HTTP/1.1" 500 3388
::1 - - [10/Aug/2025:21:26:22 +0800] "GET /wp-login.php/wp-includes/js/dist/data.min.js?ver=fe6c4835cd00e12493c3 HTTP/1.1" 500 3388
::1 - - [10/Aug/2025:21:26:22 +0800] "GET /wp-login.php/wp-includes/js/dist/redux-routine.min.js?ver=8bb92d45458b29590f53 HTTP/1.1" 500 3388
::1 - - [10/Aug/2025:21:26:22 +0800] "GET /wp-login.php/wp-content/plugins/woocommerce/assets/client/blocks/wc-blocks-registry.js?ver=a54ead1833becfc12662 HTTP/1.1" 500 3388
::1 - - [10/Aug/2025:21:26:22 +0800] "GET /wp-login.php/wp-includes/js/dist/data-controls.min.js?ver=49f5587e8b90f9e7cc7e HTTP/1.1" 500 3388
::1 - - [10/Aug/2025:21:26:22 +0800] "GET /wp-login.php/wp-includes/js/dist/html-entities.min.js?ver=2cd3358363e0675638fb HTTP/1.1" 500 3388
::1 - - [10/Aug/2025:21:26:22 +0800] "GET /wp-login.php/wp-includes/js/dist/notices.min.js?ver=673a68a7ac2f556ed50b HTTP/1.1" 500 3388
::1 - - [10/Aug/2025:21:26:22 +0800] "GET /wp-login.php/wp-content/plugins/woocommerce/assets/client/blocks/wc-blocks-middleware.js?ver=d79dedade2f2e4dc9df4 HTTP/1.1" 500 3388
::1 - - [10/Aug/2025:21:26:22 +0800] "GET /wp-login.php/wp-content/plugins/woocommerce/assets/client/blocks/wc-blocks-data.js?ver=0829e8e0d76bff927a49 HTTP/1.1" 500 3388
::1 - - [10/Aug/2025:21:26:22 +0800] "GET /wp-login.php/wp-content/plugins/woocommerce/assets/client/blocks/mini-cart-frontend.js?ver=57afd6974dfbfd956d06 HTTP/1.1" 500 3388
::1 - - [10/Aug/2025:21:26:22 +0800] "GET /wp-login.php/wp-content/plugins/woocommerce/assets/client/blocks/price-format.js?ver=57e176e7cc02bdd27978 HTTP/1.1" 500 3388
::1 - - [10/Aug/2025:21:26:22 +0800] "GET /wp-login.php/wp-content/plugins/woocommerce/assets/js/sourcebuster/sourcebuster.min.js?ver=10.0.4 HTTP/1.1" 500 3388
::1 - - [10/Aug/2025:21:26:22 +0800] "GET /wp-login.php/wp-content/plugins/woocommerce/assets/js/frontend/order-attribution.min.js?ver=10.0.4 HTTP/1.1" 500 3388
::1 - - [10/Aug/2025:21:26:22 +0800] "GET /wp-login.php/wp-content/plugins/woocommerce/assets/js/jquery-blockui/jquery.blockUI.min.js?ver=2.7.0-wc.10.0.4 HTTP/1.1" 500 3388
::1 - - [10/Aug/2025:21:26:22 +0800] "GET /wp-login.php/wp-content/plugins/woocommerce/assets/js/frontend/add-to-cart.min.js?ver=10.0.4 HTTP/1.1" 500 3388
::1 - - [10/Aug/2025:21:26:22 +0800] "GET /wp-login.php/wp-content/plugins/woocommerce/assets/js/js-cookie/js.cookie.min.js?ver=2.1.4-wc.10.0.4 HTTP/1.1" 500 3388
::1 - - [10/Aug/2025:21:26:22 +0800] "GET /wp-login.php/wp-content/plugins/woocommerce/assets/js/frontend/woocommerce.min.js?ver=10.0.4 HTTP/1.1" 500 3388
::1 - - [10/Aug/2025:21:26:22 +0800] "GET /wp-login.php/wp-content/plugins/woocommerce/assets/css/woocommerce-smallscreen.css?ver=10.0.4 HTTP/1.1" 500 3388
::1 - - [10/Aug/2025:21:26:22 +0800] "GET /wp-login.php/wp-includes/js/wp-emoji-release.min.js?ver=6.8.2 HTTP/1.1" 500 3388
::1 - - [10/Aug/2025:21:26:24 +0800] "GET /wp-install.php?force=1 HTTP/1.1" 200 2272
::1 - - [10/Aug/2025:21:26:30 +0800] "GET /wp-install.php?step=2 HTTP/1.1" 200 430
::1 - - [10/Aug/2025:21:26:32 +0800] "GET /wp-install.php?force=1 HTTP/1.1" 200 2272
::1 - - [10/Aug/2025:21:26:37 +0800] "GET /wp-install.php?step=2 HTTP/1.1" 200 430
::1 - - [10/Aug/2025:21:27:30 +0800] "-" 408 -
::1 - - [10/Aug/2025:23:55:52 +0800] "GET /wp-login.php/wp-includes/blocks/navigation/style.min.css?ver=6.8.2 HTTP/1.1" 302 -
::1 - - [10/Aug/2025:23:55:52 +0800] "GET /wp-login.php/wp-content/plugins/woocommerce/assets/client/blocks/wc-blocks.css?ver=wc-10.0.4 HTTP/1.1" 302 -
::1 - - [10/Aug/2025:23:55:52 +0800] "GET /wp-login.php/wp-includes/blocks/image/style.min.css?ver=6.8.2 HTTP/1.1" 302 -
::1 - - [10/Aug/2025:23:55:52 +0800] "GET /wp-login.php/wp-includes/blocks/cover/style.min.css?ver=6.8.2 HTTP/1.1" 302 -
::1 - - [10/Aug/2025:23:55:52 +0800] "GET /wp-login.php/wp-content/plugins/woocommerce/assets/client/blocks/mini-cart.css?ver=wc-10.0.4 HTTP/1.1" 302 -
::1 - - [10/Aug/2025:23:55:52 +0800] "GET /wp-login.php/wp-content/plugins/woocommerce/assets/client/blocks/customer-account.css?ver=wc-10.0.4 HTTP/1.1" 302 -
::1 - - [10/Aug/2025:23:55:52 +0800] "GET /wp-login.php/wp-content/plugins/woocommerce/assets/client/blocks/mini-cart-contents.css?ver=wc-10.0.4 HTTP/1.1" 302 -
::1 - - [10/Aug/2025:23:55:52 +0800] "GET /wp-login.php/wp-content/plugins/woocommerce/assets/client/blocks/packages-style.css?ver=wc-10.0.4 HTTP/1.1" 302 -
::1 - - [10/Aug/2025:23:55:52 +0800] "GET /wp-login.php/wp-includes/blocks/social-links/style.min.css?ver=6.8.2 HTTP/1.1" 302 -
::1 - - [10/Aug/2025:23:55:52 +0800] "GET /wp-login.php/wp-content/plugins/woocommerce/assets/css/woocommerce.css?ver=10.0.4 HTTP/1.1" 302 -
::1 - - [10/Aug/2025:23:55:52 +0800] "GET /wp-login.php/wp-content/plugins/woocommerce/assets/css/woocommerce-layout.css?ver=10.0.4 HTTP/1.1" 302 -
::1 - - [10/Aug/2025:23:55:52 +0800] "GET /wp-login.php/wp-content/plugins/woocommerce/assets/css/woocommerce-blocktheme.css?ver=10.0.4 HTTP/1.1" 302 -
::1 - - [10/Aug/2025:23:55:52 +0800] "GET /wp-login.php/wp-includes/js/jquery/jquery.min.js?ver=3.7.1 HTTP/1.1" 302 -
::1 - - [10/Aug/2025:23:55:52 +0800] "GET /wp-login.php/wp-content/plugins/woocommerce/assets/css/brands.css?ver=10.0.4 HTTP/1.1" 302 -
::1 - - [10/Aug/2025:23:55:52 +0800] "GET /wp-login.php/wp-includes/js/jquery/jquery-migrate.min.js?ver=3.4.1 HTTP/1.1" 302 -
::1 - - [10/Aug/2025:23:55:52 +0800] "GET /wp-login.php/wp-includes/js/dist/script-modules/block-library/navigation/view.min.js?ver=61572d447d60c0aa5240 HTTP/1.1" 302 -
::1 - - [10/Aug/2025:23:55:52 +0800] "GET /wp-login.php/wp-includes/js/dist/script-modules/interactivity/index.min.js?ver=55aebb6e0a16726baffb HTTP/1.1" 302 -
::1 - - [10/Aug/2025:23:55:52 +0800] "GET /wp-admin/setup-config.php HTTP/1.1" 200 13143
::1 - - [10/Aug/2025:23:55:55 +0800] "GET /wp-admin/setup-config.php HTTP/1.1" 200 13143
::1 - - [10/Aug/2025:23:55:58 +0800] "GET /wp-admin/setup-config.php HTTP/1.1" 200 13143
::1 - - [10/Aug/2025:23:56:01 +0800] "GET /wp-admin/setup-config.php HTTP/1.1" 200 13143
::1 - - [10/Aug/2025:23:56:09 +0800] "GET /wp-login.php/wp-includes/js/dist/vendor/wp-polyfill.min.js?ver=3.15.0 HTTP/1.1" 302 -
::1 - - [10/Aug/2025:23:56:07 +0800] "GET /wp-admin/setup-config.php HTTP/1.1" 200 13143
::1 - - [10/Aug/2025:23:56:14 +0800] "GET /wp-login.php/wp-includes/js/dist/hooks.min.js?ver=4d63a3d491d11ffd8ac6 HTTP/1.1" 302 -
::1 - - [10/Aug/2025:23:56:10 +0800] "GET /wp-admin/setup-config.php HTTP/1.1" 200 13143
::1 - - [10/Aug/2025:23:56:15 +0800] "GET /wp-admin/setup-config.php HTTP/1.1" 200 13143
::1 - - [10/Aug/2025:23:56:18 +0800] "GET /wp-admin/setup-config.php HTTP/1.1" 200 13143
::1 - - [10/Aug/2025:23:56:21 +0800] "GET /wp-admin/setup-config.php HTTP/1.1" 200 13143
::1 - - [10/Aug/2025:23:56:24 +0800] "GET /wp-admin/setup-config.php HTTP/1.1" 200 13143
::1 - - [10/Aug/2025:23:56:28 +0800] "GET /wp-admin/setup-config.php HTTP/1.1" 200 13143
::1 - - [10/Aug/2025:23:56:30 +0800] "GET /wp-admin/setup-config.php HTTP/1.1" 200 13143
::1 - - [10/Aug/2025:23:56:32 +0800] "GET /wp-admin/setup-config.php HTTP/1.1" 200 13143
::1 - - [10/Aug/2025:23:56:36 +0800] "GET /wp-admin/setup-config.php HTTP/1.1" 200 13143
::1 - - [10/Aug/2025:23:56:40 +0800] "GET /wp-admin/setup-config.php HTTP/1.1" 200 13143
::1 - - [10/Aug/2025:23:56:42 +0800] "GET /wp-admin/setup-config.php HTTP/1.1" 200 13143
::1 - - [10/Aug/2025:23:56:46 +0800] "GET /wp-admin/setup-config.php HTTP/1.1" 200 13143
::1 - - [10/Aug/2025:23:56:49 +0800] "GET /wp-login.php/wp-includes/js/dist/i18n.min.js?ver=5e580eb46a90c2b997e6 HTTP/1.1" 302 -
::1 - - [10/Aug/2025:23:56:49 +0800] "GET /wp-admin/setup-config.php HTTP/1.1" 200 13143
::1 - - [10/Aug/2025:23:56:54 +0800] "GET /wp-login.php/wp-content/plugins/woocommerce/assets/client/blocks/wc-cart-checkout-base-frontend.js?ver=ee046eedc5351d6040d2 HTTP/1.1" 302 -
::1 - - [10/Aug/2025:23:56:54 +0800] "GET /wp-admin/setup-config.php HTTP/1.1" 200 13143
::1 - - [10/Aug/2025:23:56:59 +0800] "GET /wp-login.php/wp-content/plugins/woocommerce/assets/client/blocks/wc-cart-checkout-vendors-frontend.js?ver=dc1dcf69b8c5fe0b6e90 HTTP/1.1" 302 -
::1 - - [10/Aug/2025:23:56:59 +0800] "GET /wp-admin/setup-config.php HTTP/1.1" 200 13143
::1 - - [10/Aug/2025:23:57:01 +0800] "GET /wp-login.php/wp-content/plugins/woocommerce/assets/client/blocks/wc-types.js?ver=35dee88875b85ff65531 HTTP/1.1" 302 -
::1 - - [10/Aug/2025:23:57:01 +0800] "GET /wp-admin/setup-config.php HTTP/1.1" 200 13143
::1 - - [10/Aug/2025:23:57:03 +0800] "GET /wp-login.php/wp-content/plugins/woocommerce/assets/client/blocks/blocks-checkout-events.js?ver=2d0fd4590f6cc663947c HTTP/1.1" 302 -
::1 - - [10/Aug/2025:23:57:03 +0800] "GET /wp-admin/setup-config.php HTTP/1.1" 200 13143
::1 - - [10/Aug/2025:23:57:06 +0800] "GET /wp-login.php/wp-includes/js/dist/vendor/react.min.js?ver=18.3.1.1 HTTP/1.1" 302 -
::1 - - [10/Aug/2025:23:57:06 +0800] "GET /wp-admin/setup-config.php HTTP/1.1" 200 13143
::1 - - [10/Aug/2025:23:57:08 +0800] "GET /wp-login.php/wp-includes/js/dist/vendor/react-jsx-runtime.min.js?ver=18.3.1 HTTP/1.1" 302 -
::1 - - [10/Aug/2025:23:57:08 +0800] "GET /wp-admin/setup-config.php HTTP/1.1" 200 13143
::1 - - [10/Aug/2025:23:57:12 +0800] "GET /wp-login.php/wp-includes/js/dist/url.min.js?ver=c2964167dfe2477c14ea HTTP/1.1" 302 -
::1 - - [10/Aug/2025:23:57:12 +0800] "GET /wp-admin/setup-config.php HTTP/1.1" 200 13143
::1 - - [10/Aug/2025:23:57:15 +0800] "GET /wp-login.php/wp-includes/js/dist/api-fetch.min.js?ver=3623a576c78df404ff20 HTTP/1.1" 302 -
::1 - - [10/Aug/2025:23:57:15 +0800] "GET /wp-admin/setup-config.php HTTP/1.1" 200 13143
::1 - - [10/Aug/2025:23:57:20 +0800] "GET /wp-login.php/wp-content/plugins/woocommerce/assets/client/blocks/wc-settings.js?ver=4f2e7067bd1c84cca43f HTTP/1.1" 302 -
::1 - - [10/Aug/2025:23:57:20 +0800] "GET /wp-admin/setup-config.php HTTP/1.1" 200 13143
::1 - - [10/Aug/2025:23:57:23 +0800] "GET /wp-login.php/wp-includes/js/dist/deprecated.min.js?ver=e1f84915c5e8ae38964c HTTP/1.1" 302 -
::1 - - [10/Aug/2025:23:57:23 +0800] "GET /wp-admin/setup-config.php HTTP/1.1" 200 13143
::1 - - [10/Aug/2025:23:57:27 +0800] "GET /wp-login.php/wp-includes/js/dist/dom.min.js?ver=80bd57c84b45cf04f4ce HTTP/1.1" 302 -
::1 - - [10/Aug/2025:23:57:27 +0800] "GET /wp-admin/setup-config.php HTTP/1.1" 200 13143
::1 - - [10/Aug/2025:23:57:29 +0800] "GET /wp-login.php/wp-includes/js/dist/vendor/react-dom.min.js?ver=18.3.1.1 HTTP/1.1" 302 -
::1 - - [10/Aug/2025:23:57:29 +0800] "GET /wp-admin/setup-config.php HTTP/1.1" 200 13143
::1 - - [10/Aug/2025:23:57:33 +0800] "GET /wp-login.php/wp-includes/js/dist/escape-html.min.js?ver=6561a406d2d232a6fbd2 HTTP/1.1" 302 -
::1 - - [10/Aug/2025:23:57:33 +0800] "GET /wp-admin/setup-config.php HTTP/1.1" 200 13143
::1 - - [10/Aug/2025:23:57:38 +0800] "GET /wp-login.php/wp-includes/js/dist/element.min.js?ver=a4eeeadd23c0d7ab1d2d HTTP/1.1" 302 -
::1 - - [10/Aug/2025:23:57:38 +0800] "GET /wp-admin/setup-config.php HTTP/1.1" 200 13143
::1 - - [10/Aug/2025:23:57:40 +0800] "GET /wp-login.php/wp-includes/js/dist/is-shallow-equal.min.js?ver=e0f9f1d78d83f5196979 HTTP/1.1" 302 -
::1 - - [10/Aug/2025:23:57:40 +0800] "GET /wp-admin/setup-config.php HTTP/1.1" 200 13143
::1 - - [10/Aug/2025:23:57:43 +0800] "GET /wp-login.php/wp-includes/js/dist/keycodes.min.js?ver=034ff647a54b018581d3 HTTP/1.1" 302 -
::1 - - [10/Aug/2025:23:57:43 +0800] "GET /wp-admin/setup-config.php HTTP/1.1" 200 2676
::1 - - [10/Aug/2025:23:57:50 +0800] "GET /wp-login.php/wp-includes/js/dist/priority-queue.min.js?ver=9c21c957c7e50ffdbf48 HTTP/1.1" 302 -
::1 - - [10/Aug/2025:23:57:50 +0800] "GET /wp-admin/setup-config.php HTTP/1.1" 200 13143
::1 - - [10/Aug/2025:23:57:54 +0800] "GET /wp-login.php/wp-includes/js/dist/compose.min.js?ver=84bcf832a5c99203f3db HTTP/1.1" 302 -
::1 - - [10/Aug/2025:23:57:54 +0800] "GET /wp-admin/setup-config.php HTTP/1.1" 200 13143
::1 - - [10/Aug/2025:23:57:56 +0800] "GET /wp-login.php/wp-includes/js/dist/private-apis.min.js?ver=0f8478f1ba7e0eea562b HTTP/1.1" 302 -
::1 - - [10/Aug/2025:23:57:56 +0800] "GET /wp-admin/setup-config.php HTTP/1.1" 200 13143
::1 - - [10/Aug/2025:23:57:59 +0800] "GET /wp-login.php/wp-includes/js/dist/redux-routine.min.js?ver=8bb92d45458b29590f53 HTTP/1.1" 302 -
::1 - - [10/Aug/2025:23:57:59 +0800] "GET /wp-admin/setup-config.php HTTP/1.1" 200 13143
::1 - - [10/Aug/2025:23:58:03 +0800] "GET /wp-login.php/wp-includes/js/dist/data.min.js?ver=fe6c4835cd00e12493c3 HTTP/1.1" 302 -
::1 - - [10/Aug/2025:23:58:03 +0800] "GET /wp-admin/setup-config.php HTTP/1.1" 200 13143
::1 - - [10/Aug/2025:23:58:05 +0800] "GET /wp-login.php/wp-content/plugins/woocommerce/assets/client/blocks/wc-blocks-registry.js?ver=a54ead1833becfc12662 HTTP/1.1" 302 -
::1 - - [10/Aug/2025:23:58:05 +0800] "GET /wp-admin/setup-config.php HTTP/1.1" 200 13143
::1 - - [10/Aug/2025:23:58:07 +0800] "GET /wp-login.php/wp-includes/js/dist/data-controls.min.js?ver=49f5587e8b90f9e7cc7e HTTP/1.1" 302 -
::1 - - [10/Aug/2025:23:58:07 +0800] "GET /wp-admin/setup-config.php HTTP/1.1" 200 13143
::1 - - [10/Aug/2025:23:58:09 +0800] "GET /wp-login.php/wp-includes/js/dist/html-entities.min.js?ver=2cd3358363e0675638fb HTTP/1.1" 302 -
::1 - - [10/Aug/2025:23:58:09 +0800] "GET /wp-admin/setup-config.php HTTP/1.1" 200 13143
::1 - - [10/Aug/2025:23:58:12 +0800] "GET /wp-login.php/wp-includes/js/dist/notices.min.js?ver=673a68a7ac2f556ed50b HTTP/1.1" 302 -
::1 - - [10/Aug/2025:23:58:12 +0800] "GET /wp-admin/setup-config.php HTTP/1.1" 200 13143
::1 - - [10/Aug/2025:23:58:18 +0800] "GET /wp-login.php/wp-content/plugins/woocommerce/assets/client/blocks/wc-blocks-middleware.js?ver=d79dedade2f2e4dc9df4 HTTP/1.1" 302 -
::1 - - [10/Aug/2025:23:58:18 +0800] "GET /wp-admin/setup-config.php HTTP/1.1" 200 13143
::1 - - [10/Aug/2025:23:58:20 +0800] "GET /wp-login.php/wp-content/plugins/woocommerce/assets/client/blocks/wc-blocks-data.js?ver=0829e8e0d76bff927a49 HTTP/1.1" 302 -
::1 - - [10/Aug/2025:23:58:20 +0800] "GET /wp-admin/setup-config.php HTTP/1.1" 200 13143
::1 - - [10/Aug/2025:23:58:22 +0800] "GET /wp-login.php/wp-content/plugins/woocommerce/assets/client/blocks/price-format.js?ver=57e176e7cc02bdd27978 HTTP/1.1" 302 -
::1 - - [10/Aug/2025:23:58:22 +0800] "GET /wp-admin/setup-config.php HTTP/1.1" 200 13143
::1 - - [10/Aug/2025:23:58:25 +0800] "GET /wp-login.php/wp-content/plugins/woocommerce/assets/client/blocks/mini-cart-frontend.js?ver=57afd6974dfbfd956d06 HTTP/1.1" 302 -
::1 - - [10/Aug/2025:23:58:25 +0800] "GET /wp-admin/setup-config.php HTTP/1.1" 200 13143
::1 - - [10/Aug/2025:23:58:28 +0800] "GET /wp-login.php/wp-content/plugins/woocommerce/assets/js/sourcebuster/sourcebuster.min.js?ver=10.0.4 HTTP/1.1" 302 -
::1 - - [10/Aug/2025:23:58:28 +0800] "GET /wp-admin/setup-config.php HTTP/1.1" 200 13143
::1 - - [10/Aug/2025:23:58:33 +0800] "GET /wp-login.php/wp-content/plugins/woocommerce/assets/js/frontend/order-attribution.min.js?ver=10.0.4 HTTP/1.1" 302 -
::1 - - [10/Aug/2025:23:58:33 +0800] "GET /wp-admin/setup-config.php HTTP/1.1" 200 13143
::1 - - [10/Aug/2025:23:58:38 +0800] "GET /wp-login.php/wp-content/plugins/woocommerce/assets/js/jquery-blockui/jquery.blockUI.min.js?ver=2.7.0-wc.10.0.4 HTTP/1.1" 302 -
::1 - - [10/Aug/2025:23:58:38 +0800] "GET /wp-admin/setup-config.php HTTP/1.1" 200 13143
::1 - - [10/Aug/2025:23:58:40 +0800] "GET /wp-login.php/wp-content/plugins/woocommerce/assets/js/frontend/add-to-cart.min.js?ver=10.0.4 HTTP/1.1" 302 -
::1 - - [10/Aug/2025:23:58:40 +0800] "GET /wp-admin/setup-config.php HTTP/1.1" 200 13143
::1 - - [10/Aug/2025:23:58:45 +0800] "GET /wp-login.php/wp-content/plugins/woocommerce/assets/js/js-cookie/js.cookie.min.js?ver=2.1.4-wc.10.0.4 HTTP/1.1" 302 -
::1 - - [10/Aug/2025:23:58:45 +0800] "GET /wp-admin/setup-config.php HTTP/1.1" 200 13143
::1 - - [10/Aug/2025:23:58:48 +0800] "GET /wp-login.php/wp-content/plugins/woocommerce/assets/js/frontend/woocommerce.min.js?ver=10.0.4 HTTP/1.1" 302 -
::1 - - [10/Aug/2025:23:58:48 +0800] "GET /wp-admin/setup-config.php HTTP/1.1" 200 13143
::1 - - [10/Aug/2025:23:58:51 +0800] "GET /wp-admin/setup-config.php HTTP/1.1" 200 13143
::1 - - [10/Aug/2025:23:58:56 +0800] "GET /wp-admin/setup-config.php HTTP/1.1" 200 13143
::1 - - [10/Aug/2025:23:58:59 +0800] "GET /wp-login.php/wp-content/themes/twentytwentyfour/assets/fonts/cardo/cardo_normal_400.woff2 HTTP/1.1" 302 -
::1 - - [10/Aug/2025:23:59:01 +0800] "GET /wp-login.php/wp-content/themes/twentytwentyfour/assets/fonts/cardo/cardo_normal_700.woff2 HTTP/1.1" 302 -
::1 - - [10/Aug/2025:23:58:59 +0800] "GET /wp-admin/setup-config.php HTTP/1.1" 200 13143
::1 - - [10/Aug/2025:23:59:06 +0800] "GET /wp-login.php/wp-includes/js/wp-emoji-release.min.js?ver=6.8.2 HTTP/1.1" 302 -
::1 - - [10/Aug/2025:23:59:03 +0800] "GET /wp-admin/setup-config.php HTTP/1.1" 200 13143
::1 - - [10/Aug/2025:23:59:07 +0800] "GET /wp-login.php/wp-content/plugins/woocommerce/assets/css/woocommerce-smallscreen.css?ver=10.0.4 HTTP/1.1" 302 -
::1 - - [10/Aug/2025:23:59:07 +0800] "GET /wp-admin/setup-config.php HTTP/1.1" 200 13143
::1 - - [10/Aug/2025:23:59:09 +0800] "GET /wp-admin/setup-config.php HTTP/1.1" 200 13143
::1 - - [11/Aug/2025:00:07:17 +0800] "GET /phpinfo.php HTTP/1.1" 404 196
::1 - - [11/Aug/2025:00:07:21 +0800] "GET /phpinfo.php HTTP/1.1" 404 196
::1 - - [11/Aug/2025:00:07:27 +0800] "GET /phpinfo.php HTTP/1.1" 404 196
::1 - - [11/Aug/2025:00:07:40 +0800] "GET /phpinfo.php HTTP/1.1" 404 196
::1 - - [11/Aug/2025:00:07:41 +0800] "GET /phpinfo.php HTTP/1.1" 404 196
::1 - - [11/Aug/2025:00:07:41 +0800] "GET /phpinfo.php HTTP/1.1" 404 196
::1 - - [11/Aug/2025:00:07:49 +0800] "GET /phpinfo.php HTTP/1.1" 404 196
::1 - - [11/Aug/2025:00:07:50 +0800] "GET /favicon.ico HTTP/1.1" 404 196
::1 - - [11/Aug/2025:00:08:40 +0800] "-" 408 -
::1 - - [11/Aug/2025:00:08:49 +0800] "-" 408 -
::1 - - [11/Aug/2025:00:08:57 +0800] "GET /phpinfo.php HTTP/1.1" 404 196
::1 - - [11/Aug/2025:00:09:03 +0800] "GET /info.php HTTP/1.1" 200 87172
::1 - - [11/Aug/2025:00:10:03 +0800] "-" 408 -
::1 - - [11/Aug/2025:00:13:34 +0800] "GET /wordpress HTTP/1.1" 404 196
::1 - - [11/Aug/2025:00:13:44 +0800] "GET /index.php HTTP/1.1" 302 -
::1 - - [11/Aug/2025:00:13:44 +0800] "GET /wp-admin/setup-config.php HTTP/1.1" 200 13143
::1 - - [11/Aug/2025:00:13:48 +0800] "GET /wp-admin/css/install.min.css?ver=6.8.2 HTTP/1.1" 200 5040
::1 - - [11/Aug/2025:00:13:48 +0800] "GET /wp-admin/js/language-chooser.min.js?ver=6.8.2 HTTP/1.1" 200 423
::1 - - [11/Aug/2025:00:13:59 +0800] "POST /wp-admin/setup-config.php?step=0 HTTP/1.1" 500 2647
::1 - - [11/Aug/2025:00:15:00 +0800] "-" 408 -
::1 - - [11/Aug/2025:00:17:34 +0800] "GET /wp-admin/setup-config.php HTTP/1.1" 200 13143
::1 - - [11/Aug/2025:00:17:43 +0800] "POST /wp-admin/setup-config.php?step=0 HTTP/1.1" 200 2594
::1 - - [11/Aug/2025:00:18:11 +0800] "GET /wp-admin/css/install.min.css?ver=6.8.2 HTTP/1.1" 304 -
::1 - - [11/Aug/2025:00:18:11 +0800] "GET /wp-admin/js/language-chooser.min.js?ver=6.8.2 HTTP/1.1" 304 -
::1 - - [11/Aug/2025:00:18:47 +0800] "GET /wp-admin/setup-config.php?step=1&language=zh_CN HTTP/1.1" 200 4993
::1 - - [11/Aug/2025:00:18:49 +0800] "GET /wp-admin/js/password-toggle.min.js?ver=6.8.2 HTTP/1.1" 200 847
::1 - - [11/Aug/2025:00:19:03 +0800] "POST /wp-admin/setup-config.php?step=2 HTTP/1.1" 500 3296
::1 - - [11/Aug/2025:00:19:59 +0800] "POST /wp-admin/setup-config.php?step=2 HTTP/1.1" 200 1769
::1 - - [11/Aug/2025:00:20:04 +0800] "GET /wp-admin/install.php?language=zh_CN HTTP/1.1" 200 10206
::1 - - [11/Aug/2025:00:20:59 +0800] "-" 408 -
::1 - - [11/Aug/2025:00:21:05 +0800] "GET /2025/08/11/hello-world/ HTTP/1.1" 404 196
::1 - - [11/Aug/2025:00:21:05 +0800] "GET /index.php/2025/08/11/hello-world/ HTTP/1.1" 200 69526
::1 - - [11/Aug/2025:00:21:03 +0800] "POST /wp-admin/install.php?step=2 HTTP/1.1" 200 6950
::1 - - [11/Aug/2025:00:21:07 +0800] "POST /wp-cron.php?doing_wp_cron=1754842867.3093678951263427734375 HTTP/1.1" 200 -
::1 - - [11/Aug/2025:00:21:16 +0800] "GET /wp-login.php HTTP/1.1" 200 7662
::1 - - [11/Aug/2025:00:21:19 +0800] "GET /wp-admin/load-scripts.php?c=0&load%5Bchunk_0%5D=clipboard,jquery-core,jquery-migrate,zxcvbn-async,wp-hooks&ver=6.8.2 HTTP/1.1" 200 115271
::1 - - [11/Aug/2025:00:21:19 +0800] "GET /wp-admin/load-styles.php?c=0&dir=ltr&load%5Bchunk_0%5D=dashicons,buttons,forms,l10n,login&ver=6.8.2 HTTP/1.1" 200 103138
::1 - - [11/Aug/2025:00:21:25 +0800] "POST /wp-login.php HTTP/1.1" 302 -
::1 - - [11/Aug/2025:00:21:38 +0800] "GET /wp-admin/load-styles.php?c=0&dir=ltr&load%5Bchunk_0%5D=dashicons,admin-bar,site-health,common,forms,admin-menu,dashboard,list-tables,edit,revisions,media,themes,about,nav-menus,wp-poi&load%5Bchunk_1%5D=nter,widgets,site-icon,l10n,buttons,wp-auth-check&ver=6.8.2 HTTP/1.1" 200 407348
::1 - - [11/Aug/2025:00:21:38 +0800] "GET /wp-admin/load-scripts.php?c=0&load%5Bchunk_0%5D=jquery-core,jquery-migrate,utils&ver=6.8.2 HTTP/1.1" 200 102997
::1 - - [11/Aug/2025:00:21:27 +0800] "GET /wp-admin/ HTTP/1.1" 200 132042
::1 - - [11/Aug/2025:00:21:38 +0800] "GET /wp-admin/load-scripts.php?c=0&load%5Bchunk_0%5D=hoverIntent,wp-dom-ready,wp-hooks&ver=6.8.2 HTTP/1.1" 200 6735
::1 - - [11/Aug/2025:00:21:38 +0800] "GET /wp-admin/admin-ajax.php?action=wp-compression-test&test=1&_ajax_nonce=e72fad0ca3&1754842898703 HTTP/1.1" 200 1114
::1 - - [11/Aug/2025:00:21:39 +0800] "POST /wp-cron.php?doing_wp_cron=1754842899.6355290412902832031250 HTTP/1.1" 200 -
::1 - - [11/Aug/2025:00:21:38 +0800] "POST /wp-admin/admin-ajax.php HTTP/1.1" 200 92
::1 - - [11/Aug/2025:00:21:40 +0800] "GET /wp-admin/admin-ajax.php?action=wp-compression-test&test=2&_ajax_nonce=e72fad0ca3&1754842900784 HTTP/1.1" 200 572
::1 - - [11/Aug/2025:00:21:41 +0800] "GET /wp-admin/admin-ajax.php?action=wp-compression-test&test=yes&_ajax_nonce=e72fad0ca3&1754842901833 HTTP/1.1" 200 1
::1 - - [11/Aug/2025:00:21:45 +0800] "POST /wp-admin/admin-ajax.php HTTP/1.1" 200 1
::1 - - [11/Aug/2025:00:21:38 +0800] "GET /wp-admin/admin-ajax.php?action=dashboard-widgets&widget=dashboard_primary&pagenow=dashboard HTTP/1.1" 200 1167
::1 - - [11/Aug/2025:00:22:40 +0800] "POST /wp-cron.php?doing_wp_cron=1754842959.9862480163574218750000 HTTP/1.1" 200 -
::1 - - [11/Aug/2025:00:22:38 +0800] "POST /wp-admin/admin-ajax.php HTTP/1.1" 200 47
::1 - - [11/Aug/2025:00:24:37 +0800] "POST /wp-admin/admin-ajax.php HTTP/1.1" 200 47
::1 - - [11/Aug/2025:00:24:50 +0800] "GET /wp-admin/load-scripts.php?c=1&load%5Bchunk_0%5D=jquery-core,jquery-migrate,utils&ver=6.8.2 HTTP/1.1" 200 102997
::1 - - [11/Aug/2025:00:24:50 +0800] "GET /wp-admin/load-scripts.php?c=1&load%5Bchunk_0%5D=hoverIntent,wp-dom-ready,wp-hooks&ver=6.8.2 HTTP/1.1" 200 6735
::1 - - [11/Aug/2025:00:24:49 +0800] "GET /wp-admin/ HTTP/1.1" 200 131906
::1 - - [11/Aug/2025:00:24:50 +0800] "POST /wp-admin/admin-ajax.php HTTP/1.1" 200 92
::1 - - [11/Aug/2025:00:24:58 +0800] "GET /wp-login.php/wp-includes/blocks/navigation/style.min.css?ver=6.8.2 HTTP/1.1" 200 7681
::1 - - [11/Aug/2025:00:24:58 +0800] "GET /wp-login.php/wp-content/plugins/woocommerce/assets/client/blocks/wc-blocks.css?ver=wc-10.0.4 HTTP/1.1" 200 7681
::1 - - [11/Aug/2025:00:24:58 +0800] "GET /wp-login.php/wp-content/plugins/woocommerce/assets/client/blocks/packages-style.css?ver=wc-10.0.4 HTTP/1.1" 200 7681
::1 - - [11/Aug/2025:00:24:58 +0800] "GET /wp-login.php/wp-content/plugins/woocommerce/assets/client/blocks/mini-cart-contents.css?ver=wc-10.0.4 HTTP/1.1" 200 7681
::1 - - [11/Aug/2025:00:24:58 +0800] "GET /wp-login.php/wp-content/plugins/woocommerce/assets/client/blocks/mini-cart.css?ver=wc-10.0.4 HTTP/1.1" 200 7681
::1 - - [11/Aug/2025:00:24:58 +0800] "GET /wp-login.php/wp-content/plugins/woocommerce/assets/client/blocks/customer-account.css?ver=wc-10.0.4 HTTP/1.1" 200 7681
::1 - - [11/Aug/2025:00:24:59 +0800] "GET /wp-login.php/wp-includes/blocks/image/style.min.css?ver=6.8.2 HTTP/1.1" 200 7681
::1 - - [11/Aug/2025:00:24:59 +0800] "GET /wp-login.php/wp-includes/blocks/cover/style.min.css?ver=6.8.2 HTTP/1.1" 200 7681
::1 - - [11/Aug/2025:00:25:00 +0800] "GET /wp-login.php/wp-includes/blocks/social-links/style.min.css?ver=6.8.2 HTTP/1.1" 200 7681
::1 - - [11/Aug/2025:00:25:00 +0800] "GET /wp-login.php/wp-content/plugins/woocommerce/assets/css/woocommerce-layout.css?ver=10.0.4 HTTP/1.1" 200 7681
::1 - - [11/Aug/2025:00:25:00 +0800] "GET /wp-login.php/wp-content/plugins/woocommerce/assets/css/woocommerce.css?ver=10.0.4 HTTP/1.1" 200 7681
::1 - - [11/Aug/2025:00:25:00 +0800] "GET /wp-login.php/wp-content/plugins/woocommerce/assets/css/woocommerce-blocktheme.css?ver=10.0.4 HTTP/1.1" 200 7681
::1 - - [11/Aug/2025:00:25:00 +0800] "GET /wp-login.php/wp-content/plugins/woocommerce/assets/css/brands.css?ver=10.0.4 HTTP/1.1" 200 7681
::1 - - [11/Aug/2025:00:25:00 +0800] "GET /wp-login.php/wp-includes/js/jquery/jquery.min.js?ver=3.7.1 HTTP/1.1" 200 7681
::1 - - [11/Aug/2025:00:25:00 +0800] "GET /wp-login.php/wp-includes/js/dist/script-modules/block-library/navigation/view.min.js?ver=61572d447d60c0aa5240 HTTP/1.1" 200 7681
::1 - - [11/Aug/2025:00:25:00 +0800] "GET /wp-login.php/wp-includes/js/jquery/jquery-migrate.min.js?ver=3.4.1 HTTP/1.1" 200 7681
::1 - - [11/Aug/2025:00:25:01 +0800] "GET /wp-login.php/wp-includes/js/dist/script-modules/interactivity/index.min.js?ver=55aebb6e0a16726baffb HTTP/1.1" 200 7681
::1 - - [11/Aug/2025:00:25:01 +0800] "GET /wp-login.php/wp-includes/js/dist/vendor/wp-polyfill.min.js?ver=3.15.0 HTTP/1.1" 200 7681
::1 - - [11/Aug/2025:00:25:01 +0800] "GET /wp-login.php/wp-content/plugins/woocommerce/assets/client/blocks/wc-cart-checkout-base-frontend.js?ver=ee046eedc5351d6040d2 HTTP/1.1" 200 7681
::1 - - [11/Aug/2025:00:25:01 +0800] "GET /wp-login.php/wp-content/plugins/woocommerce/assets/client/blocks/wc-cart-checkout-vendors-frontend.js?ver=dc1dcf69b8c5fe0b6e90 HTTP/1.1" 200 7681
::1 - - [11/Aug/2025:00:25:01 +0800] "GET /wp-login.php/wp-includes/js/dist/i18n.min.js?ver=5e580eb46a90c2b997e6 HTTP/1.1" 200 7681
::1 - - [11/Aug/2025:00:25:01 +0800] "GET /wp-login.php/wp-includes/js/dist/hooks.min.js?ver=4d63a3d491d11ffd8ac6 HTTP/1.1" 200 7681
::1 - - [11/Aug/2025:00:25:02 +0800] "GET /wp-login.php/wp-content/themes/twentytwentyfour/assets/fonts/cardo/cardo_normal_400.woff2 HTTP/1.1" 200 7681
::1 - - [11/Aug/2025:00:25:02 +0800] "GET /wp-login.php/wp-content/themes/twentytwentyfour/assets/fonts/cardo/cardo_normal_700.woff2 HTTP/1.1" 200 7681
::1 - - [11/Aug/2025:00:25:02 +0800] "GET /wp-login.php/wp-content/plugins/woocommerce/assets/client/blocks/wc-types.js?ver=35dee88875b85ff65531 HTTP/1.1" 200 7681
::1 - - [11/Aug/2025:00:25:02 +0800] "GET /wp-login.php/wp-content/plugins/woocommerce/assets/client/blocks/blocks-checkout-events.js?ver=2d0fd4590f6cc663947c HTTP/1.1" 200 7681
::1 - - [11/Aug/2025:00:25:02 +0800] "GET /wp-login.php/wp-includes/js/dist/vendor/react-jsx-runtime.min.js?ver=18.3.1 HTTP/1.1" 200 7681
::1 - - [11/Aug/2025:00:25:02 +0800] "GET /wp-login.php/wp-includes/js/dist/vendor/react.min.js?ver=18.3.1.1 HTTP/1.1" 200 7681
::1 - - [11/Aug/2025:00:25:03 +0800] "GET /wp-login.php/wp-includes/js/dist/url.min.js?ver=c2964167dfe2477c14ea HTTP/1.1" 200 7681
::1 - - [11/Aug/2025:00:25:03 +0800] "GET /wp-login.php/wp-includes/js/dist/api-fetch.min.js?ver=3623a576c78df404ff20 HTTP/1.1" 200 7681
::1 - - [11/Aug/2025:00:25:03 +0800] "GET /wp-login.php/wp-includes/js/dist/dom.min.js?ver=80bd57c84b45cf04f4ce HTTP/1.1" 200 7681
::1 - - [11/Aug/2025:00:25:03 +0800] "GET /wp-login.php/wp-content/plugins/woocommerce/assets/client/blocks/wc-settings.js?ver=4f2e7067bd1c84cca43f HTTP/1.1" 200 7681
::1 - - [11/Aug/2025:00:25:03 +0800] "GET /wp-login.php/wp-includes/js/dist/deprecated.min.js?ver=e1f84915c5e8ae38964c HTTP/1.1" 200 7681
::1 - - [11/Aug/2025:00:25:03 +0800] "GET /wp-login.php/wp-includes/js/dist/vendor/react-dom.min.js?ver=18.3.1.1 HTTP/1.1" 200 7681
::1 - - [11/Aug/2025:00:25:04 +0800] "GET /wp-login.php/wp-includes/js/dist/escape-html.min.js?ver=6561a406d2d232a6fbd2 HTTP/1.1" 200 7681
::1 - - [11/Aug/2025:00:25:04 +0800] "GET /wp-login.php/wp-includes/js/dist/is-shallow-equal.min.js?ver=e0f9f1d78d83f5196979 HTTP/1.1" 200 7681
::1 - - [11/Aug/2025:00:25:04 +0800] "GET /wp-login.php/wp-includes/js/dist/element.min.js?ver=a4eeeadd23c0d7ab1d2d HTTP/1.1" 200 7681
::1 - - [11/Aug/2025:00:25:04 +0800] "GET /wp-login.php/wp-includes/js/dist/keycodes.min.js?ver=034ff647a54b018581d3 HTTP/1.1" 200 7681
::1 - - [11/Aug/2025:00:25:04 +0800] "GET /wp-login.php/wp-includes/js/dist/priority-queue.min.js?ver=9c21c957c7e50ffdbf48 HTTP/1.1" 200 7681
::1 - - [11/Aug/2025:00:25:05 +0800] "GET /wp-login.php/wp-includes/js/dist/compose.min.js?ver=84bcf832a5c99203f3db HTTP/1.1" 200 7681
::1 - - [11/Aug/2025:00:25:05 +0800] "GET /wp-login.php/wp-includes/js/dist/redux-routine.min.js?ver=8bb92d45458b29590f53 HTTP/1.1" 200 7681
::1 - - [11/Aug/2025:00:25:05 +0800] "GET /wp-login.php/wp-includes/js/dist/private-apis.min.js?ver=0f8478f1ba7e0eea562b HTTP/1.1" 200 7681
::1 - - [11/Aug/2025:00:25:05 +0800] "GET /wp-login.php/wp-includes/js/dist/data.min.js?ver=fe6c4835cd00e12493c3 HTTP/1.1" 200 7681
::1 - - [11/Aug/2025:00:25:05 +0800] "GET /wp-login.php/wp-content/plugins/woocommerce/assets/client/blocks/wc-blocks-registry.js?ver=a54ead1833becfc12662 HTTP/1.1" 200 7681
::1 - - [11/Aug/2025:00:25:05 +0800] "GET /wp-login.php/wp-includes/js/dist/data-controls.min.js?ver=49f5587e8b90f9e7cc7e HTTP/1.1" 200 7681
::1 - - [11/Aug/2025:00:25:06 +0800] "GET /wp-login.php/wp-includes/js/dist/notices.min.js?ver=673a68a7ac2f556ed50b HTTP/1.1" 200 7681
::1 - - [11/Aug/2025:00:25:06 +0800] "GET /wp-login.php/wp-includes/js/dist/html-entities.min.js?ver=2cd3358363e0675638fb HTTP/1.1" 200 7681
::1 - - [11/Aug/2025:00:25:06 +0800] "GET /wp-login.php/wp-content/plugins/woocommerce/assets/client/blocks/wc-blocks-middleware.js?ver=d79dedade2f2e4dc9df4 HTTP/1.1" 200 7681
::1 - - [11/Aug/2025:00:25:06 +0800] "GET /wp-login.php/wp-content/plugins/woocommerce/assets/client/blocks/wc-blocks-data.js?ver=0829e8e0d76bff927a49 HTTP/1.1" 200 7681
::1 - - [11/Aug/2025:00:25:06 +0800] "GET /wp-login.php/wp-content/plugins/woocommerce/assets/client/blocks/price-format.js?ver=57e176e7cc02bdd27978 HTTP/1.1" 200 7681
::1 - - [11/Aug/2025:00:25:06 +0800] "GET /wp-login.php/wp-content/plugins/woocommerce/assets/client/blocks/mini-cart-frontend.js?ver=57afd6974dfbfd956d06 HTTP/1.1" 200 7681
::1 - - [11/Aug/2025:00:25:07 +0800] "GET /wp-login.php/wp-content/plugins/woocommerce/assets/js/sourcebuster/sourcebuster.min.js?ver=10.0.4 HTTP/1.1" 200 7681
::1 - - [11/Aug/2025:00:25:07 +0800] "GET /wp-login.php/wp-content/plugins/woocommerce/assets/js/frontend/order-attribution.min.js?ver=10.0.4 HTTP/1.1" 200 7681
::1 - - [11/Aug/2025:00:25:07 +0800] "GET /wp-login.php/wp-content/plugins/woocommerce/assets/js/jquery-blockui/jquery.blockUI.min.js?ver=2.7.0-wc.10.0.4 HTTP/1.1" 200 7681
::1 - - [11/Aug/2025:00:25:07 +0800] "GET /wp-login.php/wp-content/plugins/woocommerce/assets/js/frontend/add-to-cart.min.js?ver=10.0.4 HTTP/1.1" 200 7681
::1 - - [11/Aug/2025:00:25:07 +0800] "GET /wp-login.php/wp-content/plugins/woocommerce/assets/js/js-cookie/js.cookie.min.js?ver=2.1.4-wc.10.0.4 HTTP/1.1" 200 7681
::1 - - [11/Aug/2025:00:25:07 +0800] "GET /wp-login.php/wp-content/plugins/woocommerce/assets/js/frontend/woocommerce.min.js?ver=10.0.4 HTTP/1.1" 200 7681
::1 - - [11/Aug/2025:00:25:08 +0800] "GET /wp-login.php/wp-content/plugins/woocommerce/assets/css/woocommerce-smallscreen.css?ver=10.0.4 HTTP/1.1" 200 7681
::1 - - [11/Aug/2025:00:25:08 +0800] "GET /wp-login.php/wp-includes/js/wp-emoji-release.min.js?ver=6.8.2 HTTP/1.1" 200 7681
::1 - - [11/Aug/2025:00:25:21 +0800] "GET / HTTP/1.1" 200 50340
::1 - - [11/Aug/2025:00:25:22 +0800] "GET /wp-content/themes/twentytwentyfive/style.css?ver=1.3 HTTP/1.1" 200 2503
::1 - - [11/Aug/2025:00:25:22 +0800] "GET /wp-content/themes/twentytwentyfive/assets/fonts/manrope/Manrope-VariableFont_wght.woff2 HTTP/1.1" 200 53600
::1 - - [11/Aug/2025:00:25:22 +0800] "GET /wp-includes/js/wp-emoji-release.min.js?ver=6.8.2 HTTP/1.1" 200 19251
::1 - - [11/Aug/2025:00:25:22 +0800] "GET /favicon.ico HTTP/1.1" 404 196
::1 - - [11/Aug/2025:00:25:56 +0800] "GET / HTTP/1.1" 200 50340
::1 - - [11/Aug/2025:00:26:22 +0800] "GET /wp-login.php HTTP/1.1" 200 7662
::1 - - [11/Aug/2025:00:26:23 +0800] "GET /wp-includes/js/dist/i18n.min.js?ver=5e580eb46a90c2b997e6 HTTP/1.1" 200 9141
::1 - - [11/Aug/2025:00:26:23 +0800] "GET /wp-includes/js/wp-util.min.js?ver=6.8.2 HTTP/1.1" 200 1426
::1 - - [11/Aug/2025:00:26:23 +0800] "GET /wp-includes/js/underscore.min.js?ver=1.13.7 HTTP/1.1" 200 18905
::1 - - [11/Aug/2025:00:26:23 +0800] "GET /wp-admin/js/password-strength-meter.min.js?ver=6.8.2 HTTP/1.1" 200 1123
::1 - - [11/Aug/2025:00:26:23 +0800] "GET /wp-includes/js/dist/dom-ready.min.js?ver=f77871ff7694fffea381 HTTP/1.1" 200 457
::1 - - [11/Aug/2025:00:26:23 +0800] "GET /wp-admin/js/user-profile.min.js?ver=6.8.2 HTTP/1.1" 200 6862
::1 - - [11/Aug/2025:00:26:23 +0800] "GET /wp-includes/js/dist/a11y.min.js?ver=3156534cc54473497e14 HTTP/1.1" 200 2358
::1 - - [11/Aug/2025:00:26:23 +0800] "GET /wp-admin/load-scripts.php?c=1&load%5Bchunk_0%5D=clipboard,jquery-core,jquery-migrate,zxcvbn-async,wp-hooks&ver=6.8.2 HTTP/1.1" 200 115271
::1 - - [11/Aug/2025:00:26:23 +0800] "GET /wp-admin/load-styles.php?c=1&dir=ltr&load%5Bchunk_0%5D=dashicons,buttons,forms,l10n,login&ver=6.8.2 HTTP/1.1" 200 103138
::1 - - [11/Aug/2025:00:26:23 +0800] "GET /wp-admin/images/wordpress-logo.svg?ver=20131107 HTTP/1.1" 200 1521
::1 - - [11/Aug/2025:00:26:23 +0800] "GET /wp-includes/js/zxcvbn.min.js HTTP/1.1" 200 822237
::1 - - [11/Aug/2025:00:26:25 +0800] "POST /wp-login.php HTTP/1.1" 302 -
::1 - - [11/Aug/2025:00:26:28 +0800] "GET /wp-includes/js/thickbox/thickbox.css?ver=6.8.2 HTTP/1.1" 200 2659
::1 - - [11/Aug/2025:00:26:28 +0800] "GET /wp-admin/load-scripts.php?c=1&load%5Bchunk_0%5D=jquery-core,jquery-migrate,utils&ver=6.8.2 HTTP/1.1" 200 102997
::1 - - [11/Aug/2025:00:26:28 +0800] "GET /wp-admin/load-styles.php?c=1&dir=ltr&load%5Bchunk_0%5D=dashicons,admin-bar,site-health,common,forms,admin-menu,dashboard,list-tables,edit,revisions,media,themes,about,nav-menus,wp-poi&load%5Bchunk_1%5D=nter,widgets,site-icon,l10n,buttons,wp-auth-check&ver=6.8.2 HTTP/1.1" 200 407348
::1 - - [11/Aug/2025:00:26:27 +0800] "GET /wp-admin/ HTTP/1.1" 200 131906
::1 - - [11/Aug/2025:00:26:28 +0800] "GET /wp-includes/css/editor.min.css?ver=6.8.2 HTTP/1.1" 200 26851
::1 - - [11/Aug/2025:00:26:28 +0800] "GET /wp-admin/js/common.min.js?ver=6.8.2 HTTP/1.1" 200 23676
::1 - - [11/Aug/2025:00:26:28 +0800] "GET /wp-includes/js/hoverintent-js.min.js?ver=2.2.1 HTTP/1.1" 200 1718
::1 - - [11/Aug/2025:00:26:28 +0800] "GET /wp-includes/js/clipboard.min.js?ver=2.0.11 HTTP/1.1" 200 9009
::1 - - [11/Aug/2025:00:26:28 +0800] "GET /wp-includes/js/admin-bar.min.js?ver=6.8.2 HTTP/1.1" 200 3487
::1 - - [11/Aug/2025:00:26:28 +0800] "GET /wp-includes/js/api-request.min.js?ver=6.8.2 HTTP/1.1" 200 1023
::1 - - [11/Aug/2025:00:26:28 +0800] "GET /wp-includes/js/dist/vendor/wp-polyfill.min.js?ver=3.15.0 HTTP/1.1" 200 41247
::1 - - [11/Aug/2025:00:26:28 +0800] "GET /wp-admin/js/site-health.min.js?ver=6.8.2 HTTP/1.1" 200 6282
::1 - - [11/Aug/2025:00:26:28 +0800] "GET /wp-includes/js/dist/url.min.js?ver=c2964167dfe2477c14ea HTTP/1.1" 200 8523
::1 - - [11/Aug/2025:00:26:28 +0800] "GET /wp-includes/js/wp-ajax-response.min.js?ver=6.8.2 HTTP/1.1" 200 2571
::1 - - [11/Aug/2025:00:26:28 +0800] "GET /wp-includes/js/jquery/jquery.color.min.js?ver=3.0.0 HTTP/1.1" 200 6645
::1 - - [11/Aug/2025:00:26:28 +0800] "GET /wp-includes/js/wp-lists.min.js?ver=6.8.2 HTTP/1.1" 200 7521
::1 - - [11/Aug/2025:00:26:28 +0800] "GET /wp-includes/js/quicktags.min.js?ver=6.8.2 HTTP/1.1" 200 11132
::1 - - [11/Aug/2025:00:26:28 +0800] "GET /wp-admin/load-scripts.php?c=1&load%5Bchunk_0%5D=hoverIntent,wp-dom-ready,wp-hooks&ver=6.8.2 HTTP/1.1" 200 6735
::1 - - [11/Aug/2025:00:26:28 +0800] "GET /wp-includes/js/jquery/jquery.query.js?ver=2.2.3 HTTP/1.1" 200 3694
::1 - - [11/Aug/2025:00:26:28 +0800] "GET /wp-admin/js/edit-comments.min.js?ver=6.8.2 HTTP/1.1" 200 15488
::1 - - [11/Aug/2025:00:26:28 +0800] "GET /wp-includes/js/jquery/ui/mouse.min.js?ver=1.13.3 HTTP/1.1" 200 3428
::1 - - [11/Aug/2025:00:26:28 +0800] "GET /wp-includes/js/jquery/ui/core.min.js?ver=1.13.3 HTTP/1.1" 200 21464
::1 - - [11/Aug/2025:00:26:28 +0800] "GET /wp-includes/js/jquery/ui/sortable.min.js?ver=1.13.3 HTTP/1.1" 200 25504
::1 - - [11/Aug/2025:00:26:28 +0800] "GET /wp-admin/js/postbox.min.js?ver=6.8.2 HTTP/1.1" 200 6761
::1 - - [11/Aug/2025:00:26:28 +0800] "GET /wp-includes/js/dist/vendor/moment.min.js?ver=2.30.1 HTTP/1.1" 200 58812
::1 - - [11/Aug/2025:00:26:28 +0800] "GET /wp-includes/js/dist/deprecated.min.js?ver=e1f84915c5e8ae38964c HTTP/1.1" 200 684
::1 - - [11/Aug/2025:00:26:28 +0800] "GET /wp-includes/js/dist/date.min.js?ver=85ff222add187a4e358f HTTP/1.1" 200 783424
::1 - - [11/Aug/2025:00:26:28 +0800] "GET /wp-admin/js/dashboard.min.js?ver=6.8.2 HTTP/1.1" 200 8862
::1 - - [11/Aug/2025:00:26:28 +0800] "GET /wp-includes/js/thickbox/thickbox.js?ver=3.1-20121105 HTTP/1.1" 200 13332
::1 - - [11/Aug/2025:00:26:28 +0800] "GET /wp-includes/js/wp-sanitize.min.js?ver=6.8.2 HTTP/1.1" 200 458
::1 - - [11/Aug/2025:00:26:28 +0800] "GET /wp-admin/js/plugin-install.min.js?ver=6.8.2 HTTP/1.1" 200 2403
::1 - - [11/Aug/2025:00:26:28 +0800] "GET /wp-admin/js/updates.min.js?ver=6.8.2 HTTP/1.1" 200 48407
::1 - - [11/Aug/2025:00:26:28 +0800] "GET /wp-includes/js/shortcode.min.js?ver=6.8.2 HTTP/1.1" 200 2643
::1 - - [11/Aug/2025:00:26:28 +0800] "GET /wp-admin/js/svg-painter.js?ver=6.8.2 HTTP/1.1" 200 3280
::1 - - [11/Aug/2025:00:26:28 +0800] "GET /wp-includes/js/heartbeat.min.js?ver=6.8.2 HTTP/1.1" 200 5947
::1 - - [11/Aug/2025:00:26:28 +0800] "GET /wp-admin/js/media-upload.min.js?ver=6.8.2 HTTP/1.1" 200 1152
::1 - - [11/Aug/2025:00:26:28 +0800] "GET /wp-includes/js/wp-auth-check.min.js?ver=6.8.2 HTTP/1.1" 200 1658
::1 - - [11/Aug/2025:00:26:28 +0800] "GET /wp-includes/js/wplink.min.js?ver=6.8.2 HTTP/1.1" 200 11317
::1 - - [11/Aug/2025:00:26:28 +0800] "GET /wp-includes/js/jquery/ui/menu.min.js?ver=1.13.3 HTTP/1.1" 200 10199
::1 - - [11/Aug/2025:00:26:28 +0800] "GET /wp-includes/js/jquery/ui/autocomplete.min.js?ver=1.13.3 HTTP/1.1" 200 8536
::1 - - [11/Aug/2025:00:26:28 +0800] "GET /wp-includes/js/thickbox/loadingAnimation.gif HTTP/1.1" 200 15238
::1 - - [11/Aug/2025:00:26:28 +0800] "POST /wp-admin/admin-ajax.php HTTP/1.1" 200 92
::1 - - [11/Aug/2025:00:26:30 +0800] "GET /wp-admin/images/spinner-2x.gif HTTP/1.1" 200 7536
::1 - - [11/Aug/2025:00:26:32 +0800] "GET /wp-admin/plugins.php HTTP/1.1" 200 53318
::1 - - [11/Aug/2025:00:26:34 +0800] "GET /wp-admin/plugins.php HTTP/1.1" 200 100321
::1 - - [11/Aug/2025:00:26:55 +0800] "GET /wp-content/uploads/woocommerce_uploads/ HTTP/1.1" 200 -
::1 - - [11/Aug/2025:00:26:50 +0800] "GET /wp-admin/plugins.php?action=activate&plugin=woocommerce%2Fwoocommerce.php&plugin_status=all&paged=1&s&_wpnonce=2cb1ad4f6c HTTP/1.1" 302 -
::1 - - [11/Aug/2025:00:26:55 +0800] "GET /wp-admin/plugins.php?activate=true&plugin_status=all&paged=1&s= HTTP/1.1" 302 -
::1 - - [11/Aug/2025:00:27:00 +0800] "GET /wp-admin/admin.php?page=wc-admin HTTP/1.1" 302 -
::1 - - [11/Aug/2025:00:26:58 +0800] "POST /wp-cron.php?doing_wp_cron=1754843218.5313038825988769531250 HTTP/1.1" 200 -
::1 - - [11/Aug/2025:00:27:02 +0800] "GET /wp-admin/plugins.php?action=activate&plugin=akismet%2Fakismet.php&plugin_status=all&paged=1&s&_wpnonce=82cadd1edf HTTP/1.1" 302 -
::1 - - [11/Aug/2025:00:27:06 +0800] "GET /wp-admin/plugins.php?activate=true&plugin_status=all&paged=1&s= HTTP/1.1" 302 378177
::1 - - [11/Aug/2025:00:27:08 +0800] "POST /wp-cron.php?doing_wp_cron=1754843228.4903910160064697265625 HTTP/1.1" 200 -
::1 - - [11/Aug/2025:00:27:11 +0800] "POST /wp-admin/admin-ajax.php?action=wp_1_wc_privacy_cleanup&nonce=c28ba48b6e HTTP/1.1" 200 -
::1 - - [11/Aug/2025:00:27:11 +0800] "GET /wp-admin/options-general.php?page=akismet-key-config&view=start HTTP/1.1" 200 88263
::1 - - [11/Aug/2025:00:27:16 +0800] "GET /wp-content/plugins/akismet/_inc/akismet.css?ver=5.4 HTTP/1.1" 200 9316
::1 - - [11/Aug/2025:00:27:16 +0800] "GET /wp-content/plugins/akismet/_inc/akismet-admin.css?ver=5.4 HTTP/1.1" 200 11645
::1 - - [11/Aug/2025:00:27:16 +0800] "GET /wp-content/plugins/akismet/_inc/fonts/inter.css?ver=5.4 HTTP/1.1" 200 2193
::1 - - [11/Aug/2025:00:27:16 +0800] "GET /wp-content/plugins/akismet/_inc/akismet-admin.js?ver=5.4 HTTP/1.1" 200 1290
::1 - - [11/Aug/2025:00:27:16 +0800] "GET /wp-content/plugins/akismet/_inc/akismet.js?ver=5.4 HTTP/1.1" 200 13292
::1 - - [11/Aug/2025:00:27:16 +0800] "GET /wp-content/plugins/akismet/_inc/img/akismet-refresh-logo.svg HTTP/1.1" 200 8604
::1 - - [11/Aug/2025:00:27:16 +0800] "GET /wp-content/plugins/woocommerce/assets/fonts/Inter-VariableFont_slnt,wght.woff2 HTTP/1.1" 200 326628
::1 - - [11/Aug/2025:00:27:23 +0800] "GET /wp-admin/admin.php?page=wc-settings&tab=checkout&from=PAYMENTS_MENU_ITEM HTTP/1.1" 200 275736
::1 - - [11/Aug/2025:00:27:27 +0800] "GET /wp-content/plugins/woocommerce/assets/css/activation.css?ver=10.0.4 HTTP/1.1" 200 980
::1 - - [11/Aug/2025:00:27:27 +0800] "GET /wp-admin/load-scripts.php?c=1&load%5Bchunk_0%5D=jquery-core,jquery-migrate,utils,jquery-ui-core,jquery-ui-mouse,jquery-ui-sortable&ver=6.8.2 HTTP/1.1" 200 153396
::1 - - [11/Aug/2025:00:27:26 +0800] "POST /wp-cron.php?doing_wp_cron=1754843245.9875159263610839843750 HTTP/1.1" 200 -
::1 - - [11/Aug/2025:00:27:28 +0800] "GET /index.php/wp-json/wc-admin/options?options=woocommerce_ces_tracks_queue&_locale=user HTTP/1.1" 200 38
::1 - - [11/Aug/2025:00:27:28 +0800] "GET /index.php/wp-json/wc-admin/options?options=woocommerce_admin_transient_notices_queue%2Cwoocommerce_admin_install_timestamp&_locale=user HTTP/1.1" 200 102
::1 - - [11/Aug/2025:00:27:28 +0800] "POST /index.php/wp-json/wc-admin/settings/payments/providers?_locale=user HTTP/1.1" 200 11353
::1 - - [11/Aug/2025:00:27:30 +0800] "GET /wp-content/plugins/woocommerce/assets/images/onboarding/icons/woo.svg HTTP/1.1" 200 1470
::1 - - [11/Aug/2025:00:27:30 +0800] "GET /wp-content/plugins/woocommerce/assets/images/settings-payments/incentives-illustration.svg HTTP/1.1" 200 6895
::1 - - [11/Aug/2025:00:27:30 +0800] "GET /wp-content/plugins/woocommerce/assets/images/onboarding/icons/stripe.svg HTTP/1.1" 200 515
::1 - - [11/Aug/2025:00:27:30 +0800] "GET /wp-content/plugins/woocommerce/assets/images/onboarding/icons/square.svg HTTP/1.1" 200 658
::1 - - [11/Aug/2025:00:27:28 +0800] "GET /index.php/wp-json/wp/v2/users/me?context=edit&_locale=user HTTP/1.1" 200 4716
::1 - - [11/Aug/2025:00:27:42 +0800] "GET /wp-admin/plugins.php HTTP/1.1" 200 377995
::1 - - [11/Aug/2025:00:27:43 +0800] "GET /wp-admin/plugins.php HTTP/1.1" 200 377995
::1 - - [11/Aug/2025:00:27:46 +0800] "GET /wp-content/plugins/woocommerce/assets/client/admin/csv-export/index.js?ver=566af0e2bd0969360ba3 HTTP/1.1" 200 4844
::1 - - [11/Aug/2025:00:27:46 +0800] "GET /wp-includes/js/dist/patterns.min.js?ver=6497476653868ae9d711 HTTP/1.1" 200 21454
::1 - - [11/Aug/2025:00:27:46 +0800] "GET /wp-admin/js/editor.min.js?ver=6.8.2 HTTP/1.1" 200 13066
::1 - - [11/Aug/2025:00:27:46 +0800] "GET /wp-includes/js/dist/server-side-render.min.js?ver=345a014347e34be995f0 HTTP/1.1" 200 4368
::1 - - [11/Aug/2025:00:27:46 +0800] "GET /wp-content/plugins/woocommerce/assets/client/admin/wp-admin-scripts/woo-plugin-update-connect-notice.js?ver=b543742f543c862eb81e HTTP/1.1" 200 647
::1 - - [11/Aug/2025:00:27:46 +0800] "GET /wp-includes/js/dist/router.min.js?ver=e41607ae499191e0cb49 HTTP/1.1" 200 13532
::1 - - [11/Aug/2025:00:27:46 +0800] "GET /wp-includes/js/dist/block-library.min.js?ver=345e81712b7dbb2f48dc HTTP/1.1" 200 876704
::1 - - [11/Aug/2025:00:27:46 +0800] "GET /wp-content/plugins/woocommerce/assets/client/admin/wp-admin-scripts/woo-enable-autorenew.js?ver=9464d8a999bb0fc57953 HTTP/1.1" 200 639
::1 - - [11/Aug/2025:00:27:46 +0800] "GET /wp-content/plugins/woocommerce/assets/client/admin/app/index.js?ver=27d5d92e7587754e8ba1 HTTP/1.1" 200 231021
::1 - - [11/Aug/2025:00:27:46 +0800] "GET /wp-content/plugins/woocommerce/assets/client/admin/wp-admin-scripts/woo-renew-subscription.js?ver=cfef7e65d3a3ba53ffe0 HTTP/1.1" 200 647
::1 - - [11/Aug/2025:00:27:46 +0800] "GET /wp-content/plugins/akismet/_inc/img/akismet-activation-banner-elements.png HTTP/1.1" 200 5767
::1 - - [11/Aug/2025:00:27:46 +0800] "GET /index.php/wp-json/wp/v2/users/me?context=edit&_locale=user HTTP/1.1" 200 4716
::1 - - [11/Aug/2025:00:27:51 +0800] "GET /wp-admin/plugins.php?action=activate&plugin=hello.php&plugin_status=all&paged=1&s&_wpnonce=fcc54ef2f7 HTTP/1.1" 302 -
::1 - - [11/Aug/2025:00:27:53 +0800] "POST /wp-cron.php?doing_wp_cron=1754843273.9001541137695312500000 HTTP/1.1" 200 -
::1 - - [11/Aug/2025:00:27:58 +0800] "GET /wp-content/plugins/woocommerce/assets/css/activation.css?ver=10.0.4 HTTP/1.1" 304 -
::1 - - [11/Aug/2025:00:27:55 +0800] "GET /wp-admin/plugins.php?activate=true&plugin_status=all&paged=1&s= HTTP/1.1" 200 378334
::1 - - [11/Aug/2025:00:27:59 +0800] "GET /index.php/wp-json/wp/v2/users/me?context=edit&_locale=user HTTP/1.1" 200 4716
::1 - - [11/Aug/2025:00:27:58 +0800] "POST /wp-admin/admin-ajax.php?action=as_async_request_queue_runner&nonce=0f468a7e44 HTTP/1.1" 200 -
::1 - - [11/Aug/2025:00:28:07 +0800] "POST /wp-admin/admin-ajax.php HTTP/1.1" 200 206
::1 - - [11/Aug/2025:00:29:00 +0800] "POST /wp-admin/admin-ajax.php HTTP/1.1" 200 47
::1 - - [11/Aug/2025:00:29:04 +0800] "POST /wp-cron.php?doing_wp_cron=1754843344.0134921073913574218750 HTTP/1.1" 200 -
::1 - - [11/Aug/2025:00:30:00 +0800] "POST /wp-cron.php?doing_wp_cron=1754843400.2747769355773925781250 HTTP/1.1" 200 -
::1 - - [11/Aug/2025:00:30:00 +0800] "POST /wp-admin/admin-ajax.php HTTP/1.1" 200 47
::1 - - [11/Aug/2025:00:29:58 +0800] "GET /wp-admin/admin.php?page=wc-settings&tab=checkout&from=PAYMENTS_MENU_ITEM HTTP/1.1" 200 535142
::1 - - [11/Aug/2025:00:30:08 +0800] "GET /wp-content/plugins/woocommerce/assets/css/activation.css?ver=10.0.4 HTTP/1.1" 304 -
::1 - - [11/Aug/2025:00:30:08 +0800] "GET /wp-includes/js/wp-emoji-release.min.js?ver=6.8.2 HTTP/1.1" 304 -
::1 - - [11/Aug/2025:00:30:08 +0800] "GET /index.php/wp-json/wp/v2/users/me?context=edit&_locale=user HTTP/1.1" 200 4716
::1 - - [11/Aug/2025:00:30:08 +0800] "GET /index.php/wp-json/wc-admin/options?options=woocommerce_ces_tracks_queue&_locale=user HTTP/1.1" 200 38
::1 - - [11/Aug/2025:00:30:08 +0800] "POST /index.php/wp-json/wc-admin/settings/payments/providers?_locale=user HTTP/1.1" 200 12410
::1 - - [11/Aug/2025:00:30:11 +0800] "GET /wp-content/plugins/woocommerce/assets/images/settings-payments/incentives-illustration.svg HTTP/1.1" 304 -
::1 - - [11/Aug/2025:00:30:11 +0800] "GET /wp-content/plugins/woocommerce/assets/images/onboarding/icons/woo.svg HTTP/1.1" 304 -
::1 - - [11/Aug/2025:00:30:11 +0800] "GET /wp-content/plugins/woocommerce/assets/images/onboarding/icons/stripe.svg HTTP/1.1" 304 -
::1 - - [11/Aug/2025:00:30:11 +0800] "GET /wp-content/plugins/woocommerce/assets/images/onboarding/icons/square.svg HTTP/1.1" 304 -
::1 - - [11/Aug/2025:00:30:08 +0800] "GET /index.php/wp-json/wc-admin/options?options=woocommerce_admin_transient_notices_queue%2Cwoocommerce_admin_install_timestamp&_locale=user HTTP/1.1" 200 102
::1 - - [11/Aug/2025:00:32:08 +0800] "POST /wp-admin/admin-ajax.php HTTP/1.1" 200 47
::1 - - [11/Aug/2025:00:32:11 +0800] "POST /wp-cron.php?doing_wp_cron=1754843531.1912479400634765625000 HTTP/1.1" 200 -
::1 - - [11/Aug/2025:00:34:09 +0800] "POST /wp-admin/admin-ajax.php HTTP/1.1" 200 47
::1 - - [11/Aug/2025:00:34:13 +0800] "POST /wp-cron.php?doing_wp_cron=1754843653.4727001190185546875000 HTTP/1.1" 200 -
::1 - - [11/Aug/2025:00:36:10 +0800] "POST /wp-admin/admin-ajax.php HTTP/1.1" 200 47
::1 - - [11/Aug/2025:00:36:14 +0800] "POST /wp-cron.php?doing_wp_cron=1754843773.8680489063262939453125 HTTP/1.1" 200 -
::1 - - [11/Aug/2025:00:38:11 +0800] "POST /wp-admin/admin-ajax.php HTTP/1.1" 200 47
::1 - - [11/Aug/2025:00:38:15 +0800] "POST /wp-cron.php?doing_wp_cron=1754843895.4621059894561767578125 HTTP/1.1" 200 -
::1 - - [11/Aug/2025:00:40:12 +0800] "POST /wp-admin/admin-ajax.php HTTP/1.1" 200 47
::1 - - [11/Aug/2025:00:40:16 +0800] "POST /wp-cron.php?doing_wp_cron=1754844015.6630320549011230468750 HTTP/1.1" 200 -
::1 - - [11/Aug/2025:00:42:13 +0800] "POST /wp-admin/admin-ajax.php HTTP/1.1" 200 47
::1 - - [11/Aug/2025:00:42:17 +0800] "POST /wp-cron.php?doing_wp_cron=1754844136.9770638942718505859375 HTTP/1.1" 200 -
::1 - - [11/Aug/2025:00:44:14 +0800] "POST /wp-admin/admin-ajax.php HTTP/1.1" 200 47
::1 - - [11/Aug/2025:00:44:18 +0800] "POST /wp-cron.php?doing_wp_cron=1754844258.6733291149139404296875 HTTP/1.1" 200 -
::1 - - [11/Aug/2025:00:46:15 +0800] "POST /wp-admin/admin-ajax.php HTTP/1.1" 200 47
::1 - - [11/Aug/2025:00:46:19 +0800] "POST /wp-cron.php?doing_wp_cron=1754844379.3976209163665771484375 HTTP/1.1" 200 -
::1 - - [11/Aug/2025:00:46:49 +0800] "POST /index.php/wp-json/wc-analytics/admin/notes/experimental-activate-promo/wcpay-promo-2023-action-discount?_locale=user HTTP/1.1" 200 16
::1 - - [11/Aug/2025:00:46:49 +0800] "POST /index.php/wp-json/wc-admin/settings/payments/woopayments/onboarding/preload?_locale=user HTTP/1.1" 500 196
::1 - - [11/Aug/2025:00:46:52 +0800] "POST /wp-cron.php?doing_wp_cron=1754844412.6894021034240722656250 HTTP/1.1" 200 -
::1 - - [11/Aug/2025:00:47:16 +0800] "POST /wp-admin/admin-ajax.php HTTP/1.1" 200 47
::1 - - [11/Aug/2025:00:46:49 +0800] "POST /index.php/wp-json/wc-admin/plugins/install?_locale=user HTTP/1.1" 500 540
::1 - - [11/Aug/2025:00:49:17 +0800] "POST /wp-admin/admin-ajax.php HTTP/1.1" 200 47
::1 - - [11/Aug/2025:00:49:21 +0800] "POST /wp-cron.php?doing_wp_cron=1754844561.6399879455566406250000 HTTP/1.1" 200 -
::1 - - [11/Aug/2025:00:51:18 +0800] "POST /wp-admin/admin-ajax.php HTTP/1.1" 200 47
::1 - - [11/Aug/2025:00:51:21 +0800] "POST /wp-cron.php?doing_wp_cron=1754844681.5214641094207763671875 HTTP/1.1" 200 -
::1 - - [11/Aug/2025:00:53:19 +0800] "POST /wp-admin/admin-ajax.php HTTP/1.1" 200 47
::1 - - [11/Aug/2025:00:53:23 +0800] "POST /wp-cron.php?doing_wp_cron=1754844803.6796100139617919921875 HTTP/1.1" 200 -
